2023-04-09 15:05:34,384 - train_clenshaw.py [line:265] - INFO: Namespace(seed=42, model='ChebNN', gpu=0, dataset='computersfull', n_hidden=64, n_layers=16, wd1=1e-06, wd2=0.0001, wd3=0.0001, lr1=0.01, lr2=0.01, lr3=0.04, momentum=0.8, n_epochs=10000, dropout=0.5, dropout2=0.2, dropW=False, dropAct=False, loss='nll', self_loop=True, udgraph=True, lamda=1.5, early_stop=True, patience=300, es_ckpt='es_checkpoint_device=0', n_cv=20, start_cv=0, logging=False, log_detail=True, log_detailedCh=True, id_log=0)
2023-04-09 15:05:37,054 - train_clenshaw.py [line:163] - INFO: Split_seeds:[1824, 409, 4506, 4012, 3657, 2286, 1679, 8935, 1424, 9674, 6912, 520, 488, 1535, 3582, 3811, 8279, 9863, 434, 9195]
2023-04-09 15:05:37,055 - train_clenshaw.py [line:164] - INFO: Model_seeds:[3257, 8928, 6873, 3611, 7359, 9654, 4557, 106, 2615, 6924, 5574, 4552, 2547, 3527, 5514, 1674, 1519, 6224, 1584, 5881]
2023-04-09 15:05:51,072 - train_clenshaw.py [line:138] - INFO: Epoch 00050 | Time(s) 0.2762 | Val Loss 0.6537 | Val Acc 0.8404 |  Train Acc 0.8729 | ETputs(KTEPS) 18298.23
2023-04-09 15:06:02,985 - train_clenshaw.py [line:138] - INFO: Epoch 00100 | Time(s) 0.2568 | Val Loss 0.4515 | Val Acc 0.8742 |  Train Acc 0.9185 | ETputs(KTEPS) 19682.75
2023-04-09 15:06:14,913 - train_clenshaw.py [line:138] - INFO: Epoch 00150 | Time(s) 0.2506 | Val Loss 0.3712 | Val Acc 0.9004 |  Train Acc 0.9316 | ETputs(KTEPS) 20169.41
2023-04-09 15:06:26,798 - train_clenshaw.py [line:138] - INFO: Epoch 00200 | Time(s) 0.2473 | Val Loss 0.3836 | Val Acc 0.8960 |  Train Acc 0.9414 | ETputs(KTEPS) 20435.70
2023-04-09 15:06:38,684 - train_clenshaw.py [line:138] - INFO: Epoch 00250 | Time(s) 0.2454 | Val Loss 0.3670 | Val Acc 0.8978 |  Train Acc 0.9456 | ETputs(KTEPS) 20597.45
2023-04-09 15:06:50,566 - train_clenshaw.py [line:138] - INFO: Epoch 00300 | Time(s) 0.2441 | Val Loss 0.3452 | Val Acc 0.9011 |  Train Acc 0.9497 | ETputs(KTEPS) 20707.17
2023-04-09 15:07:02,447 - train_clenshaw.py [line:138] - INFO: Epoch 00350 | Time(s) 0.2432 | Val Loss 0.3730 | Val Acc 0.8964 |  Train Acc 0.9529 | ETputs(KTEPS) 20787.15
2023-04-09 15:07:14,326 - train_clenshaw.py [line:138] - INFO: Epoch 00400 | Time(s) 0.2425 | Val Loss 0.3590 | Val Acc 0.8996 |  Train Acc 0.9545 | ETputs(KTEPS) 20847.97
2023-04-09 15:07:26,171 - train_clenshaw.py [line:138] - INFO: Epoch 00450 | Time(s) 0.2418 | Val Loss 0.3490 | Val Acc 0.9022 |  Train Acc 0.9558 | ETputs(KTEPS) 20902.06
2023-04-09 15:07:38,041 - train_clenshaw.py [line:138] - INFO: Epoch 00500 | Time(s) 0.2414 | Val Loss 0.3776 | Val Acc 0.8964 |  Train Acc 0.9584 | ETputs(KTEPS) 20940.54
2023-04-09 15:07:49,901 - train_clenshaw.py [line:138] - INFO: Epoch 00550 | Time(s) 0.2410 | Val Loss 0.3668 | Val Acc 0.8996 |  Train Acc 0.9602 | ETputs(KTEPS) 20973.88
2023-04-09 15:08:01,747 - train_clenshaw.py [line:138] - INFO: Epoch 00600 | Time(s) 0.2407 | Val Loss 0.3921 | Val Acc 0.8956 |  Train Acc 0.9634 | ETputs(KTEPS) 21003.69
2023-04-09 15:08:13,611 - train_clenshaw.py [line:138] - INFO: Epoch 00650 | Time(s) 0.2404 | Val Loss 0.3604 | Val Acc 0.8989 |  Train Acc 0.9643 | ETputs(KTEPS) 21026.59
2023-04-09 15:08:25,443 - train_clenshaw.py [line:138] - INFO: Epoch 00700 | Time(s) 0.2401 | Val Loss 0.3544 | Val Acc 0.9051 |  Train Acc 0.9643 | ETputs(KTEPS) 21050.67
2023-04-09 15:08:37,350 - train_clenshaw.py [line:138] - INFO: Epoch 00750 | Time(s) 0.2400 | Val Loss 0.3405 | Val Acc 0.9080 |  Train Acc 0.9623 | ETputs(KTEPS) 21062.31
2023-04-09 15:08:49,283 - train_clenshaw.py [line:138] - INFO: Epoch 00800 | Time(s) 0.2399 | Val Loss 0.3339 | Val Acc 0.9065 |  Train Acc 0.9668 | ETputs(KTEPS) 21070.18
2023-04-09 15:09:01,108 - train_clenshaw.py [line:138] - INFO: Epoch 00850 | Time(s) 0.2397 | Val Loss 0.3500 | Val Acc 0.9062 |  Train Acc 0.9678 | ETputs(KTEPS) 21088.49
2023-04-09 15:09:13,012 - train_clenshaw.py [line:138] - INFO: Epoch 00900 | Time(s) 0.2396 | Val Loss 0.3334 | Val Acc 0.9044 |  Train Acc 0.9698 | ETputs(KTEPS) 21096.79
2023-04-09 15:09:24,872 - train_clenshaw.py [line:138] - INFO: Epoch 00950 | Time(s) 0.2395 | Val Loss 0.3309 | Val Acc 0.9062 |  Train Acc 0.9707 | ETputs(KTEPS) 21108.09
2023-04-09 15:09:36,766 - train_clenshaw.py [line:138] - INFO: Epoch 01000 | Time(s) 0.2394 | Val Loss 0.3456 | Val Acc 0.9102 |  Train Acc 0.9681 | ETputs(KTEPS) 21115.18
2023-04-09 15:09:48,713 - train_clenshaw.py [line:138] - INFO: Epoch 01050 | Time(s) 0.2394 | Val Loss 0.3185 | Val Acc 0.9102 |  Train Acc 0.9696 | ETputs(KTEPS) 21117.43
2023-04-09 15:10:00,570 - train_clenshaw.py [line:138] - INFO: Epoch 01100 | Time(s) 0.2393 | Val Loss 0.3519 | Val Acc 0.9004 |  Train Acc 0.9727 | ETputs(KTEPS) 21127.25
2023-04-09 15:10:12,424 - train_clenshaw.py [line:138] - INFO: Epoch 01150 | Time(s) 0.2392 | Val Loss 0.2985 | Val Acc 0.9102 |  Train Acc 0.9685 | ETputs(KTEPS) 21135.71
2023-04-09 15:10:24,323 - train_clenshaw.py [line:138] - INFO: Epoch 01200 | Time(s) 0.2391 | Val Loss 0.3219 | Val Acc 0.9080 |  Train Acc 0.9707 | ETputs(KTEPS) 21140.09
2023-04-09 15:10:36,206 - train_clenshaw.py [line:138] - INFO: Epoch 01250 | Time(s) 0.2390 | Val Loss 0.3263 | Val Acc 0.9040 |  Train Acc 0.9715 | ETputs(KTEPS) 21145.29
2023-04-09 15:10:48,103 - train_clenshaw.py [line:138] - INFO: Epoch 01300 | Time(s) 0.2390 | Val Loss 0.3411 | Val Acc 0.9004 |  Train Acc 0.9733 | ETputs(KTEPS) 21149.17
2023-04-09 15:11:00,004 - train_clenshaw.py [line:138] - INFO: Epoch 01350 | Time(s) 0.2390 | Val Loss 0.3358 | Val Acc 0.8985 |  Train Acc 0.9748 | ETputs(KTEPS) 21152.48
2023-04-09 15:11:09,811 - train_clenshaw.py [line:149] - DEBUG: Model Saved by Early Stopper is Loaded!
2023-04-09 15:11:09,875 - train_clenshaw.py [line:152] - INFO: [FINAL MODEL] Run 0 .\Val accuracy 91.38% \Val loss: 0.29
2023-04-09 15:11:09,934 - train_clenshaw.py [line:154] - INFO: [FINAL MODEL] Run 0 .	Test accuracy 91.33% \Test loss: 0.31
2023-04-09 15:11:21,947 - train_clenshaw.py [line:138] - INFO: Epoch 00050 | Time(s) 0.2359 | Val Loss 0.6872 | Val Acc 0.8236 |  Train Acc 0.8130 | ETputs(KTEPS) 21423.73
2023-04-09 15:11:33,912 - train_clenshaw.py [line:138] - INFO: Epoch 00100 | Time(s) 0.2374 | Val Loss 0.5376 | Val Acc 0.8676 |  Train Acc 0.8771 | ETputs(KTEPS) 21290.51
2023-04-09 15:11:45,810 - train_clenshaw.py [line:138] - INFO: Epoch 00150 | Time(s) 0.2375 | Val Loss 0.5178 | Val Acc 0.8745 |  Train Acc 0.8955 | ETputs(KTEPS) 21280.13
2023-04-09 15:11:57,702 - train_clenshaw.py [line:138] - INFO: Epoch 00200 | Time(s) 0.2375 | Val Loss 0.4320 | Val Acc 0.8967 |  Train Acc 0.9093 | ETputs(KTEPS) 21279.71
2023-04-09 15:12:09,608 - train_clenshaw.py [line:138] - INFO: Epoch 00250 | Time(s) 0.2376 | Val Loss 0.4598 | Val Acc 0.8836 |  Train Acc 0.9194 | ETputs(KTEPS) 21271.76
2023-04-09 15:12:21,445 - train_clenshaw.py [line:138] - INFO: Epoch 00300 | Time(s) 0.2375 | Val Loss 0.4260 | Val Acc 0.8833 |  Train Acc 0.9321 | ETputs(KTEPS) 21287.27
2023-04-09 15:12:33,335 - train_clenshaw.py [line:138] - INFO: Epoch 00350 | Time(s) 0.2375 | Val Loss 0.4248 | Val Acc 0.8931 |  Train Acc 0.9359 | ETputs(KTEPS) 21283.15
2023-04-09 15:12:45,227 - train_clenshaw.py [line:138] - INFO: Epoch 00400 | Time(s) 0.2375 | Val Loss 0.3870 | Val Acc 0.8975 |  Train Acc 0.9376 | ETputs(KTEPS) 21279.71
2023-04-09 15:12:50,214 - train_clenshaw.py [line:138] - INFO: Epoch 00450 | Time(s) 0.2222 | Val Loss 0.4107 | Val Acc 0.8909 |  Train Acc 0.9416 | ETputs(KTEPS) 22746.14
2023-04-09 15:12:54,625 - train_clenshaw.py [line:138] - INFO: Epoch 00500 | Time(s) 0.2088 | Val Loss 0.4024 | Val Acc 0.8989 |  Train Acc 0.9439 | ETputs(KTEPS) 24208.84
2023-04-09 15:12:59,051 - train_clenshaw.py [line:138] - INFO: Epoch 00550 | Time(s) 0.1979 | Val Loss 0.4445 | Val Acc 0.8811 |  Train Acc 0.9445 | ETputs(KTEPS) 25546.94
2023-04-09 15:13:03,481 - train_clenshaw.py [line:138] - INFO: Epoch 00600 | Time(s) 0.1888 | Val Loss 0.3631 | Val Acc 0.8891 |  Train Acc 0.9508 | ETputs(KTEPS) 26779.48
2023-04-09 15:13:07,872 - train_clenshaw.py [line:138] - INFO: Epoch 00650 | Time(s) 0.1810 | Val Loss 0.4375 | Val Acc 0.8891 |  Train Acc 0.9440 | ETputs(KTEPS) 27928.46
2023-04-09 15:13:12,285 - train_clenshaw.py [line:138] - INFO: Epoch 00700 | Time(s) 0.1744 | Val Loss 0.4758 | Val Acc 0.8764 |  Train Acc 0.9466 | ETputs(KTEPS) 28989.78
2023-04-09 15:13:16,707 - train_clenshaw.py [line:138] - INFO: Epoch 00750 | Time(s) 0.1686 | Val Loss 0.3488 | Val Acc 0.9040 |  Train Acc 0.9486 | ETputs(KTEPS) 29974.99
2023-04-09 15:13:19,895 - train_clenshaw.py [line:149] - DEBUG: Model Saved by Early Stopper is Loaded!
2023-04-09 15:13:19,917 - train_clenshaw.py [line:152] - INFO: [FINAL MODEL] Run 1 .\Val accuracy 90.58% \Val loss: 0.33
2023-04-09 15:13:19,938 - train_clenshaw.py [line:154] - INFO: [FINAL MODEL] Run 1 .	Test accuracy 90.33% \Test loss: 0.33
2023-04-09 15:13:24,497 - train_clenshaw.py [line:138] - INFO: Epoch 00050 | Time(s) 0.0882 | Val Loss 0.5331 | Val Acc 0.8400 |  Train Acc 0.8929 | ETputs(KTEPS) 57339.21
2023-04-09 15:13:28,955 - train_clenshaw.py [line:138] - INFO: Epoch 00100 | Time(s) 0.0883 | Val Loss 0.4501 | Val Acc 0.8695 |  Train Acc 0.9238 | ETputs(KTEPS) 57258.10
2023-04-09 15:13:33,404 - train_clenshaw.py [line:138] - INFO: Epoch 00150 | Time(s) 0.0884 | Val Loss 0.4102 | Val Acc 0.8804 |  Train Acc 0.9359 | ETputs(KTEPS) 57212.42
2023-04-09 15:13:37,835 - train_clenshaw.py [line:138] - INFO: Epoch 00200 | Time(s) 0.0883 | Val Loss 0.4082 | Val Acc 0.8822 |  Train Acc 0.9414 | ETputs(KTEPS) 57234.35
2023-04-09 15:13:42,264 - train_clenshaw.py [line:138] - INFO: Epoch 00250 | Time(s) 0.0883 | Val Loss 0.4002 | Val Acc 0.8825 |  Train Acc 0.9469 | ETputs(KTEPS) 57228.62
2023-04-09 15:13:46,692 - train_clenshaw.py [line:138] - INFO: Epoch 00300 | Time(s) 0.0883 | Val Loss 0.3620 | Val Acc 0.9004 |  Train Acc 0.9549 | ETputs(KTEPS) 57235.67
2023-04-09 15:13:51,110 - train_clenshaw.py [line:138] - INFO: Epoch 00350 | Time(s) 0.0883 | Val Loss 0.3511 | Val Acc 0.8996 |  Train Acc 0.9542 | ETputs(KTEPS) 57243.62
2023-04-09 15:13:55,513 - train_clenshaw.py [line:138] - INFO: Epoch 00400 | Time(s) 0.0883 | Val Loss 0.8849 | Val Acc 0.7444 |  Train Acc 0.7640 | ETputs(KTEPS) 57271.57
2023-04-09 15:13:59,922 - train_clenshaw.py [line:138] - INFO: Epoch 00450 | Time(s) 0.0882 | Val Loss 0.5703 | Val Acc 0.8382 |  Train Acc 0.8861 | ETputs(KTEPS) 57279.29
2023-04-09 15:14:04,335 - train_clenshaw.py [line:138] - INFO: Epoch 00500 | Time(s) 0.0882 | Val Loss 0.4907 | Val Acc 0.8571 |  Train Acc 0.9049 | ETputs(KTEPS) 57281.23
2023-04-09 15:14:08,742 - train_clenshaw.py [line:138] - INFO: Epoch 00550 | Time(s) 0.0882 | Val Loss 0.4585 | Val Acc 0.8633 |  Train Acc 0.9167 | ETputs(KTEPS) 57289.38
2023-04-09 15:14:13,154 - train_clenshaw.py [line:138] - INFO: Epoch 00600 | Time(s) 0.0882 | Val Loss 0.4263 | Val Acc 0.8738 |  Train Acc 0.9201 | ETputs(KTEPS) 57290.17
2023-04-09 15:14:17,557 - train_clenshaw.py [line:138] - INFO: Epoch 00650 | Time(s) 0.0882 | Val Loss 0.4163 | Val Acc 0.8742 |  Train Acc 0.9275 | ETputs(KTEPS) 57299.86
2023-04-09 15:14:18,542 - train_clenshaw.py [line:149] - DEBUG: Model Saved by Early Stopper is Loaded!
2023-04-09 15:14:18,564 - train_clenshaw.py [line:152] - INFO: [FINAL MODEL] Run 2 .\Val accuracy 91.53% \Val loss: 0.3
2023-04-09 15:14:18,585 - train_clenshaw.py [line:154] - INFO: [FINAL MODEL] Run 2 .	Test accuracy 91.93% \Test loss: 0.3
2023-04-09 15:14:23,135 - train_clenshaw.py [line:138] - INFO: Epoch 00050 | Time(s) 0.0882 | Val Loss 0.6596 | Val Acc 0.8102 |  Train Acc 0.7913 | ETputs(KTEPS) 57299.00
2023-04-09 15:14:27,593 - train_clenshaw.py [line:138] - INFO: Epoch 00100 | Time(s) 0.0882 | Val Loss 0.4671 | Val Acc 0.8633 |  Train Acc 0.9008 | ETputs(KTEPS) 57303.08
2023-04-09 15:14:32,035 - train_clenshaw.py [line:138] - INFO: Epoch 00150 | Time(s) 0.0882 | Val Loss 0.4249 | Val Acc 0.8753 |  Train Acc 0.9139 | ETputs(KTEPS) 57290.49
2023-04-09 15:14:36,428 - train_clenshaw.py [line:138] - INFO: Epoch 00200 | Time(s) 0.0880 | Val Loss 0.4403 | Val Acc 0.8702 |  Train Acc 0.9243 | ETputs(KTEPS) 57460.75
2023-04-09 15:14:40,877 - train_clenshaw.py [line:138] - INFO: Epoch 00250 | Time(s) 0.0881 | Val Loss 0.3487 | Val Acc 0.8985 |  Train Acc 0.9313 | ETputs(KTEPS) 57369.01
2023-04-09 15:14:45,298 - train_clenshaw.py [line:138] - INFO: Epoch 00300 | Time(s) 0.0881 | Val Loss 0.3439 | Val Acc 0.9033 |  Train Acc 0.9301 | ETputs(KTEPS) 57348.31
2023-04-09 15:14:49,722 - train_clenshaw.py [line:138] - INFO: Epoch 00350 | Time(s) 0.0882 | Val Loss 0.3393 | Val Acc 0.9051 |  Train Acc 0.9435 | ETputs(KTEPS) 57319.77
2023-04-09 15:14:54,146 - train_clenshaw.py [line:138] - INFO: Epoch 00400 | Time(s) 0.0882 | Val Loss 0.3905 | Val Acc 0.8935 |  Train Acc 0.9511 | ETputs(KTEPS) 57320.24
2023-04-09 15:14:58,581 - train_clenshaw.py [line:138] - INFO: Epoch 00450 | Time(s) 0.0882 | Val Loss 0.3261 | Val Acc 0.9080 |  Train Acc 0.9453 | ETputs(KTEPS) 57300.22
2023-04-09 15:15:03,000 - train_clenshaw.py [line:138] - INFO: Epoch 00500 | Time(s) 0.0882 | Val Loss 0.3793 | Val Acc 0.9033 |  Train Acc 0.9474 | ETputs(KTEPS) 57291.00
2023-04-09 15:15:07,426 - train_clenshaw.py [line:138] - INFO: Epoch 00550 | Time(s) 0.0882 | Val Loss 0.3329 | Val Acc 0.9073 |  Train Acc 0.9507 | ETputs(KTEPS) 57282.44
2023-04-09 15:15:11,853 - train_clenshaw.py [line:138] - INFO: Epoch 00600 | Time(s) 0.0883 | Val Loss 0.3574 | Val Acc 0.9065 |  Train Acc 0.9537 | ETputs(KTEPS) 57267.99
2023-04-09 15:15:16,270 - train_clenshaw.py [line:138] - INFO: Epoch 00650 | Time(s) 0.0883 | Val Loss 0.3634 | Val Acc 0.9022 |  Train Acc 0.9568 | ETputs(KTEPS) 57270.33
2023-04-09 15:15:20,695 - train_clenshaw.py [line:138] - INFO: Epoch 00700 | Time(s) 0.0883 | Val Loss 0.3289 | Val Acc 0.9102 |  Train Acc 0.9609 | ETputs(KTEPS) 57260.09
2023-04-09 15:15:25,116 - train_clenshaw.py [line:138] - INFO: Epoch 00750 | Time(s) 0.0883 | Val Loss 0.3358 | Val Acc 0.9073 |  Train Acc 0.9552 | ETputs(KTEPS) 57255.95
2023-04-09 15:15:29,530 - train_clenshaw.py [line:138] - INFO: Epoch 00800 | Time(s) 0.0883 | Val Loss 0.3842 | Val Acc 0.8891 |  Train Acc 0.9489 | ETputs(KTEPS) 57257.05
2023-04-09 15:15:33,931 - train_clenshaw.py [line:138] - INFO: Epoch 00850 | Time(s) 0.0883 | Val Loss 0.3151 | Val Acc 0.9142 |  Train Acc 0.9537 | ETputs(KTEPS) 57267.71
2023-04-09 15:15:38,342 - train_clenshaw.py [line:138] - INFO: Epoch 00900 | Time(s) 0.0883 | Val Loss 0.3565 | Val Acc 0.9040 |  Train Acc 0.9615 | ETputs(KTEPS) 57270.63
2023-04-09 15:15:38,532 - train_clenshaw.py [line:149] - DEBUG: Model Saved by Early Stopper is Loaded!
2023-04-09 15:15:38,554 - train_clenshaw.py [line:152] - INFO: [FINAL MODEL] Run 3 .\Val accuracy 91.60% \Val loss: 0.3
2023-04-09 15:15:38,575 - train_clenshaw.py [line:154] - INFO: [FINAL MODEL] Run 3 .	Test accuracy 91.89% \Test loss: 0.3
2023-04-09 15:15:43,125 - train_clenshaw.py [line:138] - INFO: Epoch 00050 | Time(s) 0.0881 | Val Loss 0.5415 | Val Acc 0.8585 |  Train Acc 0.8876 | ETputs(KTEPS) 57391.41
2023-04-09 15:15:47,540 - train_clenshaw.py [line:138] - INFO: Epoch 00100 | Time(s) 0.0875 | Val Loss 0.3780 | Val Acc 0.8873 |  Train Acc 0.9256 | ETputs(KTEPS) 57740.08
2023-04-09 15:15:51,973 - train_clenshaw.py [line:138] - INFO: Epoch 00150 | Time(s) 0.0877 | Val Loss 0.3466 | Val Acc 0.9062 |  Train Acc 0.9379 | ETputs(KTEPS) 57608.65
2023-04-09 15:15:56,405 - train_clenshaw.py [line:138] - INFO: Epoch 00200 | Time(s) 0.0879 | Val Loss 0.3145 | Val Acc 0.9145 |  Train Acc 0.9380 | ETputs(KTEPS) 57479.21
2023-04-09 15:16:00,830 - train_clenshaw.py [line:138] - INFO: Epoch 00250 | Time(s) 0.0880 | Val Loss 0.3240 | Val Acc 0.9113 |  Train Acc 0.9471 | ETputs(KTEPS) 57447.33
2023-04-09 15:16:05,257 - train_clenshaw.py [line:138] - INFO: Epoch 00300 | Time(s) 0.0881 | Val Loss 0.3361 | Val Acc 0.9076 |  Train Acc 0.9524 | ETputs(KTEPS) 57391.95
2023-04-09 15:16:09,677 - train_clenshaw.py [line:138] - INFO: Epoch 00350 | Time(s) 0.0881 | Val Loss 0.3144 | Val Acc 0.9145 |  Train Acc 0.9520 | ETputs(KTEPS) 57364.23
2023-04-09 15:16:14,095 - train_clenshaw.py [line:138] - INFO: Epoch 00400 | Time(s) 0.0881 | Val Loss 0.3094 | Val Acc 0.9145 |  Train Acc 0.9534 | ETputs(KTEPS) 57361.92
2023-04-09 15:16:18,503 - train_clenshaw.py [line:138] - INFO: Epoch 00450 | Time(s) 0.0881 | Val Loss 0.3186 | Val Acc 0.9091 |  Train Acc 0.9571 | ETputs(KTEPS) 57361.75
2023-04-09 15:16:22,917 - train_clenshaw.py [line:138] - INFO: Epoch 00500 | Time(s) 0.0881 | Val Loss 0.3405 | Val Acc 0.9087 |  Train Acc 0.9592 | ETputs(KTEPS) 57352.87
2023-04-09 15:16:27,338 - train_clenshaw.py [line:138] - INFO: Epoch 00550 | Time(s) 0.0881 | Val Loss 0.3188 | Val Acc 0.9105 |  Train Acc 0.9579 | ETputs(KTEPS) 57343.61
2023-04-09 15:16:31,756 - train_clenshaw.py [line:138] - INFO: Epoch 00600 | Time(s) 0.0882 | Val Loss 0.3084 | Val Acc 0.9156 |  Train Acc 0.9618 | ETputs(KTEPS) 57333.42
2023-04-09 15:16:36,166 - train_clenshaw.py [line:138] - INFO: Epoch 00650 | Time(s) 0.0882 | Val Loss 0.3128 | Val Acc 0.9124 |  Train Acc 0.9607 | ETputs(KTEPS) 57333.07
2023-04-09 15:16:40,578 - train_clenshaw.py [line:138] - INFO: Epoch 00700 | Time(s) 0.0882 | Val Loss 0.3048 | Val Acc 0.9160 |  Train Acc 0.9613 | ETputs(KTEPS) 57331.06
2023-04-09 15:16:44,991 - train_clenshaw.py [line:138] - INFO: Epoch 00750 | Time(s) 0.0882 | Val Loss 0.2972 | Val Acc 0.9135 |  Train Acc 0.9620 | ETputs(KTEPS) 57328.62
2023-04-09 15:16:49,400 - train_clenshaw.py [line:138] - INFO: Epoch 00800 | Time(s) 0.0882 | Val Loss 0.3095 | Val Acc 0.9116 |  Train Acc 0.9625 | ETputs(KTEPS) 57329.28
2023-04-09 15:16:49,856 - train_clenshaw.py [line:149] - DEBUG: Model Saved by Early Stopper is Loaded!
2023-04-09 15:16:49,878 - train_clenshaw.py [line:152] - INFO: [FINAL MODEL] Run 4 .\Val accuracy 92.25% \Val loss: 0.28
2023-04-09 15:16:49,899 - train_clenshaw.py [line:154] - INFO: [FINAL MODEL] Run 4 .	Test accuracy 91.29% \Test loss: 0.32
2023-04-09 15:16:54,421 - train_clenshaw.py [line:138] - INFO: Epoch 00050 | Time(s) 0.0871 | Val Loss 0.5271 | Val Acc 0.8367 |  Train Acc 0.7203 | ETputs(KTEPS) 58063.08
2023-04-09 15:16:58,870 - train_clenshaw.py [line:138] - INFO: Epoch 00100 | Time(s) 0.0877 | Val Loss 0.5392 | Val Acc 0.8604 |  Train Acc 0.8932 | ETputs(KTEPS) 57625.83
2023-04-09 15:17:03,289 - train_clenshaw.py [line:138] - INFO: Epoch 00150 | Time(s) 0.0879 | Val Loss 0.4607 | Val Acc 0.8840 |  Train Acc 0.9144 | ETputs(KTEPS) 57506.99
2023-04-09 15:17:07,706 - train_clenshaw.py [line:138] - INFO: Epoch 00200 | Time(s) 0.0880 | Val Loss 0.4827 | Val Acc 0.8742 |  Train Acc 0.9227 | ETputs(KTEPS) 57472.42
2023-04-09 15:17:12,156 - train_clenshaw.py [line:138] - INFO: Epoch 00250 | Time(s) 0.0881 | Val Loss 0.4576 | Val Acc 0.8742 |  Train Acc 0.9253 | ETputs(KTEPS) 57388.62
2023-04-09 15:17:16,586 - train_clenshaw.py [line:138] - INFO: Epoch 00300 | Time(s) 0.0881 | Val Loss 0.4318 | Val Acc 0.8822 |  Train Acc 0.9298 | ETputs(KTEPS) 57355.18
2023-04-09 15:17:21,031 - train_clenshaw.py [line:138] - INFO: Epoch 00350 | Time(s) 0.0882 | Val Loss 0.3775 | Val Acc 0.8967 |  Train Acc 0.9314 | ETputs(KTEPS) 57338.02
2023-04-09 15:17:25,468 - train_clenshaw.py [line:138] - INFO: Epoch 00400 | Time(s) 0.0882 | Val Loss 0.3245 | Val Acc 0.9040 |  Train Acc 0.9355 | ETputs(KTEPS) 57318.81
2023-04-09 15:17:29,901 - train_clenshaw.py [line:138] - INFO: Epoch 00450 | Time(s) 0.0882 | Val Loss 0.3319 | Val Acc 0.9047 |  Train Acc 0.9380 | ETputs(KTEPS) 57313.86
2023-04-09 15:17:34,313 - train_clenshaw.py [line:138] - INFO: Epoch 00500 | Time(s) 0.0882 | Val Loss 0.3603 | Val Acc 0.8964 |  Train Acc 0.9405 | ETputs(KTEPS) 57319.31
2023-04-09 15:17:38,740 - train_clenshaw.py [line:138] - INFO: Epoch 00550 | Time(s) 0.0882 | Val Loss 0.3762 | Val Acc 0.8895 |  Train Acc 0.9393 | ETputs(KTEPS) 57305.80
2023-04-09 15:17:43,151 - train_clenshaw.py [line:138] - INFO: Epoch 00600 | Time(s) 0.0882 | Val Loss 0.3146 | Val Acc 0.8989 |  Train Acc 0.9389 | ETputs(KTEPS) 57307.00
2023-04-09 15:17:47,574 - train_clenshaw.py [line:138] - INFO: Epoch 00650 | Time(s) 0.0882 | Val Loss 0.3314 | Val Acc 0.8938 |  Train Acc 0.9406 | ETputs(KTEPS) 57304.67
2023-04-09 15:17:51,987 - train_clenshaw.py [line:138] - INFO: Epoch 00700 | Time(s) 0.0882 | Val Loss 0.3084 | Val Acc 0.9033 |  Train Acc 0.9319 | ETputs(KTEPS) 57303.60
2023-04-09 15:17:56,396 - train_clenshaw.py [line:138] - INFO: Epoch 00750 | Time(s) 0.0882 | Val Loss 0.3120 | Val Acc 0.9022 |  Train Acc 0.9376 | ETputs(KTEPS) 57306.55
2023-04-09 15:18:00,814 - train_clenshaw.py [line:138] - INFO: Epoch 00800 | Time(s) 0.0882 | Val Loss 0.3128 | Val Acc 0.8989 |  Train Acc 0.9309 | ETputs(KTEPS) 57301.25
2023-04-09 15:18:05,217 - train_clenshaw.py [line:138] - INFO: Epoch 00850 | Time(s) 0.0882 | Val Loss 0.3125 | Val Acc 0.9033 |  Train Acc 0.9411 | ETputs(KTEPS) 57308.73
2023-04-09 15:18:09,639 - train_clenshaw.py [line:138] - INFO: Epoch 00900 | Time(s) 0.0882 | Val Loss 0.3303 | Val Acc 0.8971 |  Train Acc 0.9397 | ETputs(KTEPS) 57300.70
2023-04-09 15:18:11,853 - train_clenshaw.py [line:149] - DEBUG: Model Saved by Early Stopper is Loaded!
2023-04-09 15:18:11,875 - train_clenshaw.py [line:152] - INFO: [FINAL MODEL] Run 5 .\Val accuracy 90.95% \Val loss: 0.28
2023-04-09 15:18:11,896 - train_clenshaw.py [line:154] - INFO: [FINAL MODEL] Run 5 .	Test accuracy 91.74% \Test loss: 0.28
2023-04-09 15:18:16,449 - train_clenshaw.py [line:138] - INFO: Epoch 00050 | Time(s) 0.0883 | Val Loss 0.6935 | Val Acc 0.8287 |  Train Acc 0.8470 | ETputs(KTEPS) 57250.45
2023-04-09 15:18:20,937 - train_clenshaw.py [line:138] - INFO: Epoch 00100 | Time(s) 0.0885 | Val Loss 0.4202 | Val Acc 0.9015 |  Train Acc 0.8863 | ETputs(KTEPS) 57146.06
2023-04-09 15:18:25,405 - train_clenshaw.py [line:138] - INFO: Epoch 00150 | Time(s) 0.0886 | Val Loss 0.3707 | Val Acc 0.9044 |  Train Acc 0.9283 | ETputs(KTEPS) 57079.67
2023-04-09 15:18:29,868 - train_clenshaw.py [line:138] - INFO: Epoch 00200 | Time(s) 0.0886 | Val Loss 0.4001 | Val Acc 0.8702 |  Train Acc 0.9382 | ETputs(KTEPS) 57032.17
2023-04-09 15:18:34,330 - train_clenshaw.py [line:138] - INFO: Epoch 00250 | Time(s) 0.0886 | Val Loss 0.3319 | Val Acc 0.9149 |  Train Acc 0.9460 | ETputs(KTEPS) 57029.20
2023-04-09 15:18:38,784 - train_clenshaw.py [line:138] - INFO: Epoch 00300 | Time(s) 0.0887 | Val Loss 0.3095 | Val Acc 0.9153 |  Train Acc 0.9507 | ETputs(KTEPS) 57015.72
2023-04-09 15:18:43,234 - train_clenshaw.py [line:138] - INFO: Epoch 00350 | Time(s) 0.0887 | Val Loss 0.3067 | Val Acc 0.9178 |  Train Acc 0.9458 | ETputs(KTEPS) 57013.47
2023-04-09 15:18:47,675 - train_clenshaw.py [line:138] - INFO: Epoch 00400 | Time(s) 0.0886 | Val Loss 0.3021 | Val Acc 0.9200 |  Train Acc 0.9526 | ETputs(KTEPS) 57033.99
2023-04-09 15:18:52,123 - train_clenshaw.py [line:138] - INFO: Epoch 00450 | Time(s) 0.0887 | Val Loss 0.2978 | Val Acc 0.9204 |  Train Acc 0.9558 | ETputs(KTEPS) 57018.95
2023-04-09 15:18:56,551 - train_clenshaw.py [line:138] - INFO: Epoch 00500 | Time(s) 0.0886 | Val Loss 0.3291 | Val Acc 0.9051 |  Train Acc 0.9573 | ETputs(KTEPS) 57026.20
2023-04-09 15:19:00,976 - train_clenshaw.py [line:138] - INFO: Epoch 00550 | Time(s) 0.0886 | Val Loss 0.3031 | Val Acc 0.9102 |  Train Acc 0.9484 | ETputs(KTEPS) 57042.57
2023-04-09 15:19:05,407 - train_clenshaw.py [line:138] - INFO: Epoch 00600 | Time(s) 0.0886 | Val Loss 0.2972 | Val Acc 0.9138 |  Train Acc 0.9471 | ETputs(KTEPS) 57043.86
2023-04-09 15:19:09,832 - train_clenshaw.py [line:138] - INFO: Epoch 00650 | Time(s) 0.0886 | Val Loss 0.2944 | Val Acc 0.9164 |  Train Acc 0.9390 | ETputs(KTEPS) 57051.16
2023-04-09 15:19:14,259 - train_clenshaw.py [line:138] - INFO: Epoch 00700 | Time(s) 0.0886 | Val Loss 2.4815 | Val Acc 0.1629 |  Train Acc 0.3280 | ETputs(KTEPS) 57055.18
2023-04-09 15:19:18,662 - train_clenshaw.py [line:138] - INFO: Epoch 00750 | Time(s) 0.0886 | Val Loss 0.5932 | Val Acc 0.8193 |  Train Acc 0.8458 | ETputs(KTEPS) 57079.52
2023-04-09 15:19:23,074 - train_clenshaw.py [line:138] - INFO: Epoch 00800 | Time(s) 0.0885 | Val Loss 0.6007 | Val Acc 0.7822 |  Train Acc 0.8691 | ETputs(KTEPS) 57093.37
2023-04-09 15:19:23,352 - train_clenshaw.py [line:149] - DEBUG: Model Saved by Early Stopper is Loaded!
2023-04-09 15:19:23,374 - train_clenshaw.py [line:152] - INFO: [FINAL MODEL] Run 6 .\Val accuracy 92.84% \Val loss: 0.27
2023-04-09 15:19:23,396 - train_clenshaw.py [line:154] - INFO: [FINAL MODEL] Run 6 .	Test accuracy 91.37% \Test loss: 0.31
2023-04-09 15:19:27,994 - train_clenshaw.py [line:138] - INFO: Epoch 00050 | Time(s) 0.0885 | Val Loss 0.6364 | Val Acc 0.8276 |  Train Acc 0.8599 | ETputs(KTEPS) 57090.54
2023-04-09 15:19:32,470 - train_clenshaw.py [line:138] - INFO: Epoch 00100 | Time(s) 0.0886 | Val Loss 0.4912 | Val Acc 0.8473 |  Train Acc 0.9126 | ETputs(KTEPS) 57072.88
2023-04-09 15:19:36,935 - train_clenshaw.py [line:138] - INFO: Epoch 00150 | Time(s) 0.0885 | Val Loss 0.3949 | Val Acc 0.8833 |  Train Acc 0.9288 | ETputs(KTEPS) 57094.36
2023-04-09 15:19:41,387 - train_clenshaw.py [line:138] - INFO: Epoch 00200 | Time(s) 0.0886 | Val Loss 0.3707 | Val Acc 0.8956 |  Train Acc 0.9351 | ETputs(KTEPS) 57065.11
2023-04-09 15:19:45,827 - train_clenshaw.py [line:138] - INFO: Epoch 00250 | Time(s) 0.0886 | Val Loss 0.4347 | Val Acc 0.8618 |  Train Acc 0.9348 | ETputs(KTEPS) 57040.21
2023-04-09 15:19:50,274 - train_clenshaw.py [line:138] - INFO: Epoch 00300 | Time(s) 0.0886 | Val Loss 0.3776 | Val Acc 0.8873 |  Train Acc 0.9445 | ETputs(KTEPS) 57020.06
2023-04-09 15:19:54,705 - train_clenshaw.py [line:138] - INFO: Epoch 00350 | Time(s) 0.0886 | Val Loss 0.3505 | Val Acc 0.8945 |  Train Acc 0.9505 | ETputs(KTEPS) 57025.82
2023-04-09 15:19:59,146 - train_clenshaw.py [line:138] - INFO: Epoch 00400 | Time(s) 0.0886 | Val Loss 0.3781 | Val Acc 0.8869 |  Train Acc 0.9510 | ETputs(KTEPS) 57022.71
2023-04-09 15:20:03,585 - train_clenshaw.py [line:138] - INFO: Epoch 00450 | Time(s) 0.0886 | Val Loss 0.3339 | Val Acc 0.8982 |  Train Acc 0.9511 | ETputs(KTEPS) 57029.48
2023-04-09 15:20:08,014 - train_clenshaw.py [line:138] - INFO: Epoch 00500 | Time(s) 0.0886 | Val Loss 0.3565 | Val Acc 0.8920 |  Train Acc 0.9562 | ETputs(KTEPS) 57035.17
2023-04-09 15:20:12,441 - train_clenshaw.py [line:138] - INFO: Epoch 00550 | Time(s) 0.0886 | Val Loss 0.3194 | Val Acc 0.9025 |  Train Acc 0.9573 | ETputs(KTEPS) 57042.11
2023-04-09 15:20:16,865 - train_clenshaw.py [line:138] - INFO: Epoch 00600 | Time(s) 0.0886 | Val Loss 0.3171 | Val Acc 0.9065 |  Train Acc 0.9575 | ETputs(KTEPS) 57050.92
2023-04-09 15:20:21,311 - train_clenshaw.py [line:138] - INFO: Epoch 00650 | Time(s) 0.0886 | Val Loss 0.3121 | Val Acc 0.9073 |  Train Acc 0.9631 | ETputs(KTEPS) 57050.59
2023-04-09 15:20:25,754 - train_clenshaw.py [line:138] - INFO: Epoch 00700 | Time(s) 0.0886 | Val Loss 0.3180 | Val Acc 0.9022 |  Train Acc 0.9646 | ETputs(KTEPS) 57044.91
2023-04-09 15:20:30,187 - train_clenshaw.py [line:138] - INFO: Epoch 00750 | Time(s) 0.0886 | Val Loss 0.3282 | Val Acc 0.8989 |  Train Acc 0.9664 | ETputs(KTEPS) 57044.29
2023-04-09 15:20:34,625 - train_clenshaw.py [line:138] - INFO: Epoch 00800 | Time(s) 0.0886 | Val Loss 0.3279 | Val Acc 0.8942 |  Train Acc 0.9652 | ETputs(KTEPS) 57043.52
2023-04-09 15:20:39,044 - train_clenshaw.py [line:138] - INFO: Epoch 00850 | Time(s) 0.0886 | Val Loss 0.3080 | Val Acc 0.9011 |  Train Acc 0.9646 | ETputs(KTEPS) 57053.89
2023-04-09 15:20:43,474 - train_clenshaw.py [line:138] - INFO: Epoch 00900 | Time(s) 0.0886 | Val Loss 0.3131 | Val Acc 0.9047 |  Train Acc 0.9689 | ETputs(KTEPS) 57055.10
2023-04-09 15:20:47,909 - train_clenshaw.py [line:138] - INFO: Epoch 00950 | Time(s) 0.0886 | Val Loss 0.2756 | Val Acc 0.9149 |  Train Acc 0.9649 | ETputs(KTEPS) 57056.17
2023-04-09 15:20:52,346 - train_clenshaw.py [line:138] - INFO: Epoch 01000 | Time(s) 0.0886 | Val Loss 0.3334 | Val Acc 0.8905 |  Train Acc 0.9707 | ETputs(KTEPS) 57055.65
2023-04-09 15:20:56,774 - train_clenshaw.py [line:138] - INFO: Epoch 01050 | Time(s) 0.0886 | Val Loss 0.2922 | Val Acc 0.9098 |  Train Acc 0.9605 | ETputs(KTEPS) 57057.56
2023-04-09 15:21:01,207 - train_clenshaw.py [line:138] - INFO: Epoch 01100 | Time(s) 0.0886 | Val Loss 0.3142 | Val Acc 0.8978 |  Train Acc 0.9691 | ETputs(KTEPS) 57056.74
2023-04-09 15:21:05,632 - train_clenshaw.py [line:138] - INFO: Epoch 01150 | Time(s) 0.0886 | Val Loss 0.2899 | Val Acc 0.9102 |  Train Acc 0.9633 | ETputs(KTEPS) 57060.05
2023-04-09 15:21:10,056 - train_clenshaw.py [line:138] - INFO: Epoch 01200 | Time(s) 0.0886 | Val Loss 0.3059 | Val Acc 0.9044 |  Train Acc 0.9710 | ETputs(KTEPS) 57064.15
2023-04-09 15:21:14,475 - train_clenshaw.py [line:138] - INFO: Epoch 01250 | Time(s) 0.0886 | Val Loss 0.5877 | Val Acc 0.8509 |  Train Acc 0.8287 | ETputs(KTEPS) 57070.24
2023-04-09 15:21:14,490 - train_clenshaw.py [line:149] - DEBUG: Model Saved by Early Stopper is Loaded!
2023-04-09 15:21:14,512 - train_clenshaw.py [line:152] - INFO: [FINAL MODEL] Run 7 .\Val accuracy 91.49% \Val loss: 0.28
2023-04-09 15:21:14,534 - train_clenshaw.py [line:154] - INFO: [FINAL MODEL] Run 7 .	Test accuracy 91.76% \Test loss: 0.28
2023-04-09 15:21:19,072 - train_clenshaw.py [line:138] - INFO: Epoch 00050 | Time(s) 0.0877 | Val Loss 0.6290 | Val Acc 0.8004 |  Train Acc 0.8575 | ETputs(KTEPS) 57634.00
2023-04-09 15:21:23,536 - train_clenshaw.py [line:138] - INFO: Epoch 00100 | Time(s) 0.0880 | Val Loss 0.4400 | Val Acc 0.8829 |  Train Acc 0.9139 | ETputs(KTEPS) 57423.37
2023-04-09 15:21:28,008 - train_clenshaw.py [line:138] - INFO: Epoch 00150 | Time(s) 0.0883 | Val Loss 0.4285 | Val Acc 0.8869 |  Train Acc 0.9240 | ETputs(KTEPS) 57250.21
2023-04-09 15:21:32,472 - train_clenshaw.py [line:138] - INFO: Epoch 00200 | Time(s) 0.0885 | Val Loss 0.3803 | Val Acc 0.8989 |  Train Acc 0.9348 | ETputs(KTEPS) 57147.90
2023-04-09 15:21:36,934 - train_clenshaw.py [line:138] - INFO: Epoch 00250 | Time(s) 0.0885 | Val Loss 0.3737 | Val Acc 0.8927 |  Train Acc 0.9376 | ETputs(KTEPS) 57087.73
2023-04-09 15:21:41,395 - train_clenshaw.py [line:138] - INFO: Epoch 00300 | Time(s) 0.0886 | Val Loss 0.3570 | Val Acc 0.9055 |  Train Acc 0.9445 | ETputs(KTEPS) 57072.79
2023-04-09 15:21:45,853 - train_clenshaw.py [line:138] - INFO: Epoch 00350 | Time(s) 0.0886 | Val Loss 0.3319 | Val Acc 0.9025 |  Train Acc 0.9444 | ETputs(KTEPS) 57049.39
2023-04-09 15:21:50,281 - train_clenshaw.py [line:138] - INFO: Epoch 00400 | Time(s) 0.0886 | Val Loss 0.3165 | Val Acc 0.9087 |  Train Acc 0.9520 | ETputs(KTEPS) 57072.51
2023-04-09 15:21:54,718 - train_clenshaw.py [line:138] - INFO: Epoch 00450 | Time(s) 0.0885 | Val Loss 0.3262 | Val Acc 0.9135 |  Train Acc 0.9484 | ETputs(KTEPS) 57084.35
2023-04-09 15:21:59,135 - train_clenshaw.py [line:138] - INFO: Epoch 00500 | Time(s) 0.0885 | Val Loss 0.3194 | Val Acc 0.9073 |  Train Acc 0.9529 | ETputs(KTEPS) 57112.40
2023-04-09 15:22:03,489 - train_clenshaw.py [line:138] - INFO: Epoch 00550 | Time(s) 0.0884 | Val Loss 0.3300 | Val Acc 0.8967 |  Train Acc 0.9482 | ETputs(KTEPS) 57203.92
2023-04-09 15:22:07,865 - train_clenshaw.py [line:138] - INFO: Epoch 00600 | Time(s) 0.0883 | Val Loss 0.3074 | Val Acc 0.9047 |  Train Acc 0.9539 | ETputs(KTEPS) 57256.88
2023-04-09 15:22:12,248 - train_clenshaw.py [line:138] - INFO: Epoch 00650 | Time(s) 0.0882 | Val Loss 0.3108 | Val Acc 0.9076 |  Train Acc 0.9542 | ETputs(KTEPS) 57289.69
2023-04-09 15:22:16,689 - train_clenshaw.py [line:138] - INFO: Epoch 00700 | Time(s) 0.0883 | Val Loss 0.3020 | Val Acc 0.9127 |  Train Acc 0.9573 | ETputs(KTEPS) 57263.50
2023-04-09 15:22:21,078 - train_clenshaw.py [line:138] - INFO: Epoch 00750 | Time(s) 0.0882 | Val Loss 0.3049 | Val Acc 0.9080 |  Train Acc 0.9573 | ETputs(KTEPS) 57287.15
2023-04-09 15:22:25,456 - train_clenshaw.py [line:138] - INFO: Epoch 00800 | Time(s) 0.0882 | Val Loss 0.3141 | Val Acc 0.9051 |  Train Acc 0.9618 | ETputs(KTEPS) 57315.67
2023-04-09 15:22:29,838 - train_clenshaw.py [line:138] - INFO: Epoch 00850 | Time(s) 0.0882 | Val Loss 0.3065 | Val Acc 0.9058 |  Train Acc 0.9565 | ETputs(KTEPS) 57337.85
2023-04-09 15:22:33,450 - train_clenshaw.py [line:149] - DEBUG: Model Saved by Early Stopper is Loaded!
2023-04-09 15:22:33,472 - train_clenshaw.py [line:152] - INFO: [FINAL MODEL] Run 8 .\Val accuracy 91.56% \Val loss: 0.29
2023-04-09 15:22:33,494 - train_clenshaw.py [line:154] - INFO: [FINAL MODEL] Run 8 .	Test accuracy 91.27% \Test loss: 0.3
2023-04-09 15:22:38,042 - train_clenshaw.py [line:138] - INFO: Epoch 00050 | Time(s) 0.0880 | Val Loss 0.6348 | Val Acc 0.8436 |  Train Acc 0.8882 | ETputs(KTEPS) 57410.23
2023-04-09 15:22:42,532 - train_clenshaw.py [line:138] - INFO: Epoch 00100 | Time(s) 0.0881 | Val Loss 0.4575 | Val Acc 0.8691 |  Train Acc 0.9148 | ETputs(KTEPS) 57351.00
2023-04-09 15:22:46,972 - train_clenshaw.py [line:138] - INFO: Epoch 00150 | Time(s) 0.0882 | Val Loss 0.4078 | Val Acc 0.8669 |  Train Acc 0.9230 | ETputs(KTEPS) 57301.36
2023-04-09 15:22:51,398 - train_clenshaw.py [line:138] - INFO: Epoch 00200 | Time(s) 0.0883 | Val Loss 0.3630 | Val Acc 0.8938 |  Train Acc 0.9408 | ETputs(KTEPS) 57274.24
2023-04-09 15:22:55,815 - train_clenshaw.py [line:138] - INFO: Epoch 00250 | Time(s) 0.0882 | Val Loss 0.3428 | Val Acc 0.9124 |  Train Acc 0.9387 | ETputs(KTEPS) 57294.06
2023-04-09 15:23:00,304 - train_clenshaw.py [line:138] - INFO: Epoch 00300 | Time(s) 0.0884 | Val Loss 0.3216 | Val Acc 0.9102 |  Train Acc 0.9487 | ETputs(KTEPS) 57171.41
2023-04-09 15:23:04,788 - train_clenshaw.py [line:138] - INFO: Epoch 00350 | Time(s) 0.0886 | Val Loss 0.3228 | Val Acc 0.9098 |  Train Acc 0.9518 | ETputs(KTEPS) 57068.83
2023-04-09 15:23:09,270 - train_clenshaw.py [line:138] - INFO: Epoch 00400 | Time(s) 0.0887 | Val Loss 0.2943 | Val Acc 0.9135 |  Train Acc 0.9592 | ETputs(KTEPS) 57009.96
2023-04-09 15:23:13,750 - train_clenshaw.py [line:138] - INFO: Epoch 00450 | Time(s) 0.0887 | Val Loss 0.3202 | Val Acc 0.9095 |  Train Acc 0.9575 | ETputs(KTEPS) 56960.43
2023-04-09 15:23:18,221 - train_clenshaw.py [line:138] - INFO: Epoch 00500 | Time(s) 0.0888 | Val Loss 0.3090 | Val Acc 0.9087 |  Train Acc 0.9607 | ETputs(KTEPS) 56926.32
2023-04-09 15:23:22,679 - train_clenshaw.py [line:138] - INFO: Epoch 00550 | Time(s) 0.0888 | Val Loss 0.2844 | Val Acc 0.9149 |  Train Acc 0.9568 | ETputs(KTEPS) 56912.58
2023-04-09 15:23:27,094 - train_clenshaw.py [line:138] - INFO: Epoch 00600 | Time(s) 0.0888 | Val Loss 0.2988 | Val Acc 0.9178 |  Train Acc 0.9570 | ETputs(KTEPS) 56947.89
2023-04-09 15:23:31,467 - train_clenshaw.py [line:138] - INFO: Epoch 00650 | Time(s) 0.0887 | Val Loss 0.3143 | Val Acc 0.9095 |  Train Acc 0.9589 | ETputs(KTEPS) 57014.02
2023-04-09 15:23:35,855 - train_clenshaw.py [line:138] - INFO: Epoch 00700 | Time(s) 0.0886 | Val Loss 0.2729 | Val Acc 0.9193 |  Train Acc 0.9581 | ETputs(KTEPS) 57061.44
2023-04-09 15:23:40,244 - train_clenshaw.py [line:138] - INFO: Epoch 00750 | Time(s) 0.0885 | Val Loss 0.2897 | Val Acc 0.9145 |  Train Acc 0.9634 | ETputs(KTEPS) 57101.77
2023-04-09 15:23:44,618 - train_clenshaw.py [line:138] - INFO: Epoch 00800 | Time(s) 0.0885 | Val Loss 0.2993 | Val Acc 0.9098 |  Train Acc 0.9607 | ETputs(KTEPS) 57144.97
2023-04-09 15:23:49,070 - train_clenshaw.py [line:138] - INFO: Epoch 00850 | Time(s) 0.0885 | Val Loss 0.3260 | Val Acc 0.9040 |  Train Acc 0.9691 | ETputs(KTEPS) 57124.07
2023-04-09 15:23:53,504 - train_clenshaw.py [line:138] - INFO: Epoch 00900 | Time(s) 0.0885 | Val Loss 0.2838 | Val Acc 0.9167 |  Train Acc 0.9636 | ETputs(KTEPS) 57121.96
2023-04-09 15:23:57,911 - train_clenshaw.py [line:138] - INFO: Epoch 00950 | Time(s) 0.0885 | Val Loss 0.2966 | Val Acc 0.9149 |  Train Acc 0.9649 | ETputs(KTEPS) 57135.29
2023-04-09 15:24:02,316 - train_clenshaw.py [line:138] - INFO: Epoch 01000 | Time(s) 0.0884 | Val Loss 0.2734 | Val Acc 0.9142 |  Train Acc 0.9639 | ETputs(KTEPS) 57148.66
2023-04-09 15:24:06,719 - train_clenshaw.py [line:138] - INFO: Epoch 01050 | Time(s) 0.0884 | Val Loss 0.2900 | Val Acc 0.9135 |  Train Acc 0.9610 | ETputs(KTEPS) 57165.65
2023-04-09 15:24:11,112 - train_clenshaw.py [line:138] - INFO: Epoch 01100 | Time(s) 0.0884 | Val Loss 0.3044 | Val Acc 0.9040 |  Train Acc 0.9638 | ETputs(KTEPS) 57183.09
2023-04-09 15:24:15,514 - train_clenshaw.py [line:138] - INFO: Epoch 01150 | Time(s) 0.0884 | Val Loss 0.2778 | Val Acc 0.9182 |  Train Acc 0.9615 | ETputs(KTEPS) 57194.18
2023-04-09 15:24:19,916 - train_clenshaw.py [line:138] - INFO: Epoch 01200 | Time(s) 0.0884 | Val Loss 0.2772 | Val Acc 0.9196 |  Train Acc 0.9588 | ETputs(KTEPS) 57204.31
2023-04-09 15:24:24,313 - train_clenshaw.py [line:138] - INFO: Epoch 01250 | Time(s) 0.0883 | Val Loss 0.2945 | Val Acc 0.9080 |  Train Acc 0.9657 | ETputs(KTEPS) 57215.93
2023-04-09 15:24:28,716 - train_clenshaw.py [line:138] - INFO: Epoch 01300 | Time(s) 0.0883 | Val Loss 0.2872 | Val Acc 0.9127 |  Train Acc 0.9620 | ETputs(KTEPS) 57224.09
2023-04-09 15:24:32,790 - train_clenshaw.py [line:149] - DEBUG: Model Saved by Early Stopper is Loaded!
2023-04-09 15:24:32,812 - train_clenshaw.py [line:152] - INFO: [FINAL MODEL] Run 9 .\Val accuracy 91.96% \Val loss: 0.26
2023-04-09 15:24:32,833 - train_clenshaw.py [line:154] - INFO: [FINAL MODEL] Run 9 .	Test accuracy 91.12% \Test loss: 0.29
2023-04-09 15:24:37,395 - train_clenshaw.py [line:138] - INFO: Epoch 00050 | Time(s) 0.0879 | Val Loss 0.5656 | Val Acc 0.8495 |  Train Acc 0.8832 | ETputs(KTEPS) 57485.92
2023-04-09 15:24:41,877 - train_clenshaw.py [line:138] - INFO: Epoch 00100 | Time(s) 0.0885 | Val Loss 0.5836 | Val Acc 0.8364 |  Train Acc 0.9038 | ETputs(KTEPS) 57107.96
2023-04-09 15:24:46,349 - train_clenshaw.py [line:138] - INFO: Epoch 00150 | Time(s) 0.0887 | Val Loss 0.5605 | Val Acc 0.8575 |  Train Acc 0.9293 | ETputs(KTEPS) 57006.87
2023-04-09 15:24:50,809 - train_clenshaw.py [line:138] - INFO: Epoch 00200 | Time(s) 0.0887 | Val Loss 0.5044 | Val Acc 0.8571 |  Train Acc 0.9321 | ETputs(KTEPS) 56963.60
2023-04-09 15:24:55,258 - train_clenshaw.py [line:138] - INFO: Epoch 00250 | Time(s) 0.0888 | Val Loss 0.4725 | Val Acc 0.8695 |  Train Acc 0.9445 | ETputs(KTEPS) 56936.74
2023-04-09 15:24:59,723 - train_clenshaw.py [line:138] - INFO: Epoch 00300 | Time(s) 0.0888 | Val Loss 0.4459 | Val Acc 0.8876 |  Train Acc 0.9518 | ETputs(KTEPS) 56918.96
2023-04-09 15:25:04,175 - train_clenshaw.py [line:138] - INFO: Epoch 00350 | Time(s) 0.0888 | Val Loss 0.3999 | Val Acc 0.8942 |  Train Acc 0.9544 | ETputs(KTEPS) 56908.62
2023-04-09 15:25:08,618 - train_clenshaw.py [line:138] - INFO: Epoch 00400 | Time(s) 0.0888 | Val Loss 0.4465 | Val Acc 0.8855 |  Train Acc 0.9541 | ETputs(KTEPS) 56917.22
2023-04-09 15:25:13,071 - train_clenshaw.py [line:138] - INFO: Epoch 00450 | Time(s) 0.0888 | Val Loss 0.4196 | Val Acc 0.8858 |  Train Acc 0.9583 | ETputs(KTEPS) 56910.86
2023-04-09 15:25:17,515 - train_clenshaw.py [line:138] - INFO: Epoch 00500 | Time(s) 0.0888 | Val Loss 0.3916 | Val Acc 0.8909 |  Train Acc 0.9583 | ETputs(KTEPS) 56908.30
2023-04-09 15:25:21,962 - train_clenshaw.py [line:138] - INFO: Epoch 00550 | Time(s) 0.0888 | Val Loss 0.4043 | Val Acc 0.8938 |  Train Acc 0.9539 | ETputs(KTEPS) 56915.26
2023-04-09 15:25:26,406 - train_clenshaw.py [line:138] - INFO: Epoch 00600 | Time(s) 0.0888 | Val Loss 0.4711 | Val Acc 0.8796 |  Train Acc 0.9562 | ETputs(KTEPS) 56920.57
2023-04-09 15:25:30,839 - train_clenshaw.py [line:138] - INFO: Epoch 00650 | Time(s) 0.0888 | Val Loss 0.4022 | Val Acc 0.8967 |  Train Acc 0.9584 | ETputs(KTEPS) 56929.57
2023-04-09 15:25:35,197 - train_clenshaw.py [line:138] - INFO: Epoch 00700 | Time(s) 0.0887 | Val Loss 0.4372 | Val Acc 0.8844 |  Train Acc 0.9340 | ETputs(KTEPS) 57005.02
2023-04-09 15:25:39,634 - train_clenshaw.py [line:138] - INFO: Epoch 00750 | Time(s) 0.0887 | Val Loss 0.4288 | Val Acc 0.8945 |  Train Acc 0.9547 | ETputs(KTEPS) 57004.38
2023-04-09 15:25:44,057 - train_clenshaw.py [line:138] - INFO: Epoch 00800 | Time(s) 0.0887 | Val Loss 0.3993 | Val Acc 0.8949 |  Train Acc 0.9550 | ETputs(KTEPS) 57014.47
2023-04-09 15:25:48,481 - train_clenshaw.py [line:138] - INFO: Epoch 00850 | Time(s) 0.0886 | Val Loss 0.3908 | Val Acc 0.9040 |  Train Acc 0.9571 | ETputs(KTEPS) 57022.46
2023-04-09 15:25:50,447 - train_clenshaw.py [line:149] - DEBUG: Model Saved by Early Stopper is Loaded!
2023-04-09 15:25:50,469 - train_clenshaw.py [line:152] - INFO: [FINAL MODEL] Run 10 .\Val accuracy 90.04% \Val loss: 0.35
2023-04-09 15:25:50,490 - train_clenshaw.py [line:154] - INFO: [FINAL MODEL] Run 10 .	Test accuracy 90.87% \Test loss: 0.33
2023-04-09 15:25:55,071 - train_clenshaw.py [line:138] - INFO: Epoch 00050 | Time(s) 0.0885 | Val Loss 0.5294 | Val Acc 0.8385 |  Train Acc 0.8860 | ETputs(KTEPS) 57086.73
2023-04-09 15:25:59,560 - train_clenshaw.py [line:138] - INFO: Epoch 00100 | Time(s) 0.0886 | Val Loss 0.4011 | Val Acc 0.8796 |  Train Acc 0.9321 | ETputs(KTEPS) 57068.32
2023-04-09 15:26:04,020 - train_clenshaw.py [line:138] - INFO: Epoch 00150 | Time(s) 0.0887 | Val Loss 0.3669 | Val Acc 0.8956 |  Train Acc 0.9468 | ETputs(KTEPS) 57010.93
2023-04-09 15:26:08,456 - train_clenshaw.py [line:138] - INFO: Epoch 00200 | Time(s) 0.0886 | Val Loss 0.3749 | Val Acc 0.8975 |  Train Acc 0.9531 | ETputs(KTEPS) 57044.51
2023-04-09 15:26:12,898 - train_clenshaw.py [line:138] - INFO: Epoch 00250 | Time(s) 0.0886 | Val Loss 0.3706 | Val Acc 0.8924 |  Train Acc 0.9557 | ETputs(KTEPS) 57032.88
2023-04-09 15:26:17,332 - train_clenshaw.py [line:138] - INFO: Epoch 00300 | Time(s) 0.0886 | Val Loss 0.3457 | Val Acc 0.9029 |  Train Acc 0.9579 | ETputs(KTEPS) 57030.10
2023-04-09 15:26:21,766 - train_clenshaw.py [line:138] - INFO: Epoch 00350 | Time(s) 0.0886 | Val Loss 0.3642 | Val Acc 0.8975 |  Train Acc 0.9615 | ETputs(KTEPS) 57028.21
2023-04-09 15:26:26,203 - train_clenshaw.py [line:138] - INFO: Epoch 00400 | Time(s) 0.0886 | Val Loss 0.3450 | Val Acc 0.9051 |  Train Acc 0.9630 | ETputs(KTEPS) 57023.61
2023-04-09 15:26:30,646 - train_clenshaw.py [line:138] - INFO: Epoch 00450 | Time(s) 0.0886 | Val Loss 0.3633 | Val Acc 0.8964 |  Train Acc 0.9659 | ETputs(KTEPS) 57034.27
2023-04-09 15:26:35,078 - train_clenshaw.py [line:138] - INFO: Epoch 00500 | Time(s) 0.0886 | Val Loss 0.3528 | Val Acc 0.8985 |  Train Acc 0.9667 | ETputs(KTEPS) 57049.55
2023-04-09 15:26:39,511 - train_clenshaw.py [line:138] - INFO: Epoch 00550 | Time(s) 0.0886 | Val Loss 0.3289 | Val Acc 0.9065 |  Train Acc 0.9654 | ETputs(KTEPS) 57061.70
2023-04-09 15:26:43,945 - train_clenshaw.py [line:138] - INFO: Epoch 00600 | Time(s) 0.0886 | Val Loss 0.3231 | Val Acc 0.9062 |  Train Acc 0.9641 | ETputs(KTEPS) 57065.06
2023-04-09 15:26:48,354 - train_clenshaw.py [line:138] - INFO: Epoch 00650 | Time(s) 0.0885 | Val Loss 0.3791 | Val Acc 0.8895 |  Train Acc 0.9542 | ETputs(KTEPS) 57086.29
2023-04-09 15:26:52,762 - train_clenshaw.py [line:138] - INFO: Epoch 00700 | Time(s) 0.0885 | Val Loss 0.3450 | Val Acc 0.9018 |  Train Acc 0.9631 | ETputs(KTEPS) 57106.21
2023-04-09 15:26:57,176 - train_clenshaw.py [line:138] - INFO: Epoch 00750 | Time(s) 0.0885 | Val Loss 0.3481 | Val Acc 0.9015 |  Train Acc 0.9655 | ETputs(KTEPS) 57117.54
2023-04-09 15:27:01,592 - train_clenshaw.py [line:138] - INFO: Epoch 00800 | Time(s) 0.0885 | Val Loss 0.3558 | Val Acc 0.9007 |  Train Acc 0.9662 | ETputs(KTEPS) 57126.40
2023-04-09 15:27:06,001 - train_clenshaw.py [line:138] - INFO: Epoch 00850 | Time(s) 0.0885 | Val Loss 0.3511 | Val Acc 0.8985 |  Train Acc 0.9667 | ETputs(KTEPS) 57139.29
2023-04-09 15:27:06,545 - train_clenshaw.py [line:149] - DEBUG: Model Saved by Early Stopper is Loaded!
2023-04-09 15:27:06,567 - train_clenshaw.py [line:152] - INFO: [FINAL MODEL] Run 11 .\Val accuracy 90.84% \Val loss: 0.31
2023-04-09 15:27:06,589 - train_clenshaw.py [line:154] - INFO: [FINAL MODEL] Run 11 .	Test accuracy 90.64% \Test loss: 0.32
2023-04-09 15:27:11,215 - train_clenshaw.py [line:138] - INFO: Epoch 00050 | Time(s) 0.0887 | Val Loss 0.4984 | Val Acc 0.8775 |  Train Acc 0.8911 | ETputs(KTEPS) 56999.89
2023-04-09 15:27:15,715 - train_clenshaw.py [line:138] - INFO: Epoch 00100 | Time(s) 0.0887 | Val Loss 0.4057 | Val Acc 0.8865 |  Train Acc 0.9275 | ETputs(KTEPS) 56981.05
2023-04-09 15:27:20,182 - train_clenshaw.py [line:138] - INFO: Epoch 00150 | Time(s) 0.0887 | Val Loss 0.3870 | Val Acc 0.8927 |  Train Acc 0.9408 | ETputs(KTEPS) 56991.61
2023-04-09 15:27:24,634 - train_clenshaw.py [line:138] - INFO: Epoch 00200 | Time(s) 0.0887 | Val Loss 0.3859 | Val Acc 0.8960 |  Train Acc 0.9411 | ETputs(KTEPS) 56978.57
2023-04-09 15:27:29,076 - train_clenshaw.py [line:138] - INFO: Epoch 00250 | Time(s) 0.0887 | Val Loss 0.3973 | Val Acc 0.8847 |  Train Acc 0.9499 | ETputs(KTEPS) 56979.91
2023-04-09 15:27:33,506 - train_clenshaw.py [line:138] - INFO: Epoch 00300 | Time(s) 0.0887 | Val Loss 0.3755 | Val Acc 0.8964 |  Train Acc 0.9518 | ETputs(KTEPS) 56996.61
2023-04-09 15:27:37,943 - train_clenshaw.py [line:138] - INFO: Epoch 00350 | Time(s) 0.0887 | Val Loss 0.3908 | Val Acc 0.8924 |  Train Acc 0.9581 | ETputs(KTEPS) 56994.36
2023-04-09 15:27:42,365 - train_clenshaw.py [line:138] - INFO: Epoch 00400 | Time(s) 0.0887 | Val Loss 0.3887 | Val Acc 0.8833 |  Train Acc 0.9584 | ETputs(KTEPS) 57017.32
2023-04-09 15:27:46,790 - train_clenshaw.py [line:138] - INFO: Epoch 00450 | Time(s) 0.0886 | Val Loss 0.3749 | Val Acc 0.8931 |  Train Acc 0.9579 | ETputs(KTEPS) 57031.70
2023-04-09 15:27:51,210 - train_clenshaw.py [line:138] - INFO: Epoch 00500 | Time(s) 0.0886 | Val Loss 0.3585 | Val Acc 0.8975 |  Train Acc 0.9610 | ETputs(KTEPS) 57048.23
2023-04-09 15:27:55,645 - train_clenshaw.py [line:138] - INFO: Epoch 00550 | Time(s) 0.0886 | Val Loss 0.3838 | Val Acc 0.8884 |  Train Acc 0.9641 | ETputs(KTEPS) 57051.55
2023-04-09 15:28:00,069 - train_clenshaw.py [line:138] - INFO: Epoch 00600 | Time(s) 0.0886 | Val Loss 0.3498 | Val Acc 0.8927 |  Train Acc 0.9631 | ETputs(KTEPS) 57059.48
2023-04-09 15:28:04,499 - train_clenshaw.py [line:138] - INFO: Epoch 00650 | Time(s) 0.0886 | Val Loss 0.3483 | Val Acc 0.8945 |  Train Acc 0.9599 | ETputs(KTEPS) 57061.27
2023-04-09 15:28:08,922 - train_clenshaw.py [line:138] - INFO: Epoch 00700 | Time(s) 0.0886 | Val Loss 0.3588 | Val Acc 0.8920 |  Train Acc 0.9675 | ETputs(KTEPS) 57068.46
2023-04-09 15:28:13,342 - train_clenshaw.py [line:138] - INFO: Epoch 00750 | Time(s) 0.0886 | Val Loss 0.3501 | Val Acc 0.8935 |  Train Acc 0.9685 | ETputs(KTEPS) 57077.92
2023-04-09 15:28:17,760 - train_clenshaw.py [line:138] - INFO: Epoch 00800 | Time(s) 0.0885 | Val Loss 0.3523 | Val Acc 0.8916 |  Train Acc 0.9660 | ETputs(KTEPS) 57088.08
2023-04-09 15:28:19,099 - train_clenshaw.py [line:149] - DEBUG: Model Saved by Early Stopper is Loaded!
2023-04-09 15:28:19,121 - train_clenshaw.py [line:152] - INFO: [FINAL MODEL] Run 12 .\Val accuracy 90.51% \Val loss: 0.32
2023-04-09 15:28:19,143 - train_clenshaw.py [line:154] - INFO: [FINAL MODEL] Run 12 .	Test accuracy 91.64% \Test loss: 0.27
2023-04-09 15:28:23,740 - train_clenshaw.py [line:138] - INFO: Epoch 00050 | Time(s) 0.0886 | Val Loss 0.9601 | Val Acc 0.7211 |  Train Acc 0.7276 | ETputs(KTEPS) 57056.93
2023-04-09 15:28:28,232 - train_clenshaw.py [line:138] - INFO: Epoch 00100 | Time(s) 0.0888 | Val Loss 0.6729 | Val Acc 0.8345 |  Train Acc 0.8313 | ETputs(KTEPS) 56949.36
2023-04-09 15:28:32,723 - train_clenshaw.py [line:138] - INFO: Epoch 00150 | Time(s) 0.0888 | Val Loss 0.6369 | Val Acc 0.8578 |  Train Acc 0.8934 | ETputs(KTEPS) 56926.22
2023-04-09 15:28:37,181 - train_clenshaw.py [line:138] - INFO: Epoch 00200 | Time(s) 0.0888 | Val Loss 0.5421 | Val Acc 0.8840 |  Train Acc 0.9049 | ETputs(KTEPS) 56909.32
2023-04-09 15:28:41,627 - train_clenshaw.py [line:138] - INFO: Epoch 00250 | Time(s) 0.0888 | Val Loss 0.5950 | Val Acc 0.8760 |  Train Acc 0.9109 | ETputs(KTEPS) 56915.25
2023-04-09 15:28:46,064 - train_clenshaw.py [line:138] - INFO: Epoch 00300 | Time(s) 0.0888 | Val Loss 0.6580 | Val Acc 0.8775 |  Train Acc 0.9169 | ETputs(KTEPS) 56927.36
2023-04-09 15:28:50,539 - train_clenshaw.py [line:138] - INFO: Epoch 00350 | Time(s) 0.0888 | Val Loss 0.4475 | Val Acc 0.8789 |  Train Acc 0.9120 | ETputs(KTEPS) 56915.27
2023-04-09 15:28:54,984 - train_clenshaw.py [line:138] - INFO: Epoch 00400 | Time(s) 0.0888 | Val Loss 0.5539 | Val Acc 0.8771 |  Train Acc 0.9274 | ETputs(KTEPS) 56912.15
2023-04-09 15:28:59,420 - train_clenshaw.py [line:138] - INFO: Epoch 00450 | Time(s) 0.0888 | Val Loss 0.4427 | Val Acc 0.8847 |  Train Acc 0.9303 | ETputs(KTEPS) 56921.70
2023-04-09 15:29:03,860 - train_clenshaw.py [line:138] - INFO: Epoch 00500 | Time(s) 0.0888 | Val Loss 0.5243 | Val Acc 0.8705 |  Train Acc 0.9220 | ETputs(KTEPS) 56924.31
2023-04-09 15:29:08,297 - train_clenshaw.py [line:138] - INFO: Epoch 00550 | Time(s) 0.0888 | Val Loss 0.4538 | Val Acc 0.8895 |  Train Acc 0.9290 | ETputs(KTEPS) 56929.47
2023-04-09 15:29:12,733 - train_clenshaw.py [line:138] - INFO: Epoch 00600 | Time(s) 0.0888 | Val Loss 0.4715 | Val Acc 0.8858 |  Train Acc 0.9390 | ETputs(KTEPS) 56934.68
2023-04-09 15:29:16,482 - train_clenshaw.py [line:149] - DEBUG: Model Saved by Early Stopper is Loaded!
2023-04-09 15:29:16,504 - train_clenshaw.py [line:152] - INFO: [FINAL MODEL] Run 13 .\Val accuracy 89.75% \Val loss: 0.39
2023-04-09 15:29:16,526 - train_clenshaw.py [line:154] - INFO: [FINAL MODEL] Run 13 .	Test accuracy 90.75% \Test loss: 0.34
2023-04-09 15:29:21,177 - train_clenshaw.py [line:138] - INFO: Epoch 00050 | Time(s) 0.0887 | Val Loss 0.6549 | Val Acc 0.8393 |  Train Acc 0.8420 | ETputs(KTEPS) 56954.82
2023-04-09 15:29:25,659 - train_clenshaw.py [line:138] - INFO: Epoch 00100 | Time(s) 0.0888 | Val Loss 0.5120 | Val Acc 0.8873 |  Train Acc 0.9076 | ETputs(KTEPS) 56899.83
2023-04-09 15:29:30,119 - train_clenshaw.py [line:138] - INFO: Epoch 00150 | Time(s) 0.0888 | Val Loss 0.4868 | Val Acc 0.8844 |  Train Acc 0.9254 | ETputs(KTEPS) 56945.01
2023-04-09 15:29:34,595 - train_clenshaw.py [line:138] - INFO: Epoch 00200 | Time(s) 0.0889 | Val Loss 0.4127 | Val Acc 0.8996 |  Train Acc 0.9408 | ETputs(KTEPS) 56886.67
2023-04-09 15:29:39,074 - train_clenshaw.py [line:138] - INFO: Epoch 00250 | Time(s) 0.0889 | Val Loss 0.4416 | Val Acc 0.8916 |  Train Acc 0.9411 | ETputs(KTEPS) 56884.48
2023-04-09 15:29:43,534 - train_clenshaw.py [line:138] - INFO: Epoch 00300 | Time(s) 0.0888 | Val Loss 0.4201 | Val Acc 0.8905 |  Train Acc 0.9463 | ETputs(KTEPS) 56899.84
2023-04-09 15:29:47,986 - train_clenshaw.py [line:138] - INFO: Epoch 00350 | Time(s) 0.0888 | Val Loss 0.3992 | Val Acc 0.8967 |  Train Acc 0.9542 | ETputs(KTEPS) 56904.50
2023-04-09 15:29:52,435 - train_clenshaw.py [line:138] - INFO: Epoch 00400 | Time(s) 0.0888 | Val Loss 0.3684 | Val Acc 0.9011 |  Train Acc 0.9528 | ETputs(KTEPS) 56903.75
2023-04-09 15:29:56,886 - train_clenshaw.py [line:138] - INFO: Epoch 00450 | Time(s) 0.0888 | Val Loss 0.4164 | Val Acc 0.9022 |  Train Acc 0.8729 | ETputs(KTEPS) 56892.39
2023-04-09 15:30:01,323 - train_clenshaw.py [line:138] - INFO: Epoch 00500 | Time(s) 0.0888 | Val Loss 0.5322 | Val Acc 0.8738 |  Train Acc 0.8939 | ETputs(KTEPS) 56901.85
2023-04-09 15:30:05,765 - train_clenshaw.py [line:138] - INFO: Epoch 00550 | Time(s) 0.0888 | Val Loss 0.4477 | Val Acc 0.8811 |  Train Acc 0.9301 | ETputs(KTEPS) 56903.79
2023-04-09 15:30:10,202 - train_clenshaw.py [line:138] - INFO: Epoch 00600 | Time(s) 0.0888 | Val Loss 0.3889 | Val Acc 0.9018 |  Train Acc 0.9346 | ETputs(KTEPS) 56910.52
2023-04-09 15:30:14,631 - train_clenshaw.py [line:138] - INFO: Epoch 00650 | Time(s) 0.0888 | Val Loss 0.3681 | Val Acc 0.9051 |  Train Acc 0.9356 | ETputs(KTEPS) 56925.06
2023-04-09 15:30:19,064 - train_clenshaw.py [line:138] - INFO: Epoch 00700 | Time(s) 0.0888 | Val Loss 0.3832 | Val Acc 0.9044 |  Train Acc 0.9371 | ETputs(KTEPS) 56938.08
2023-04-09 15:30:23,508 - train_clenshaw.py [line:138] - INFO: Epoch 00750 | Time(s) 0.0888 | Val Loss 0.3653 | Val Acc 0.9025 |  Train Acc 0.9435 | ETputs(KTEPS) 56944.83
2023-04-09 15:30:27,957 - train_clenshaw.py [line:138] - INFO: Epoch 00800 | Time(s) 0.0887 | Val Loss 0.3316 | Val Acc 0.9142 |  Train Acc 0.9423 | ETputs(KTEPS) 56960.83
2023-04-09 15:30:32,392 - train_clenshaw.py [line:138] - INFO: Epoch 00850 | Time(s) 0.0887 | Val Loss 0.3227 | Val Acc 0.9175 |  Train Acc 0.9424 | ETputs(KTEPS) 56968.12
2023-04-09 15:30:36,828 - train_clenshaw.py [line:138] - INFO: Epoch 00900 | Time(s) 0.0887 | Val Loss 0.3463 | Val Acc 0.9044 |  Train Acc 0.9521 | ETputs(KTEPS) 56978.53
2023-04-09 15:30:41,267 - train_clenshaw.py [line:138] - INFO: Epoch 00950 | Time(s) 0.0887 | Val Loss 0.3386 | Val Acc 0.9084 |  Train Acc 0.9508 | ETputs(KTEPS) 56981.46
2023-04-09 15:30:45,710 - train_clenshaw.py [line:138] - INFO: Epoch 01000 | Time(s) 0.0887 | Val Loss 0.3267 | Val Acc 0.9065 |  Train Acc 0.9521 | ETputs(KTEPS) 56981.48
2023-04-09 15:30:50,145 - train_clenshaw.py [line:138] - INFO: Epoch 01050 | Time(s) 0.0887 | Val Loss 0.3352 | Val Acc 0.9073 |  Train Acc 0.9510 | ETputs(KTEPS) 56993.89
2023-04-09 15:30:54,579 - train_clenshaw.py [line:138] - INFO: Epoch 01100 | Time(s) 0.0887 | Val Loss 0.3268 | Val Acc 0.9164 |  Train Acc 0.9523 | ETputs(KTEPS) 56998.69
2023-04-09 15:30:59,023 - train_clenshaw.py [line:138] - INFO: Epoch 01150 | Time(s) 0.0887 | Val Loss 0.3223 | Val Acc 0.9124 |  Train Acc 0.9545 | ETputs(KTEPS) 57000.70
2023-04-09 15:31:03,469 - train_clenshaw.py [line:138] - INFO: Epoch 01200 | Time(s) 0.0887 | Val Loss 0.3329 | Val Acc 0.9025 |  Train Acc 0.9529 | ETputs(KTEPS) 57001.94
2023-04-09 15:31:07,888 - train_clenshaw.py [line:138] - INFO: Epoch 01250 | Time(s) 0.0887 | Val Loss 0.3198 | Val Acc 0.9124 |  Train Acc 0.9533 | ETputs(KTEPS) 57010.38
2023-04-09 15:31:12,309 - train_clenshaw.py [line:138] - INFO: Epoch 01300 | Time(s) 0.0887 | Val Loss 0.3347 | Val Acc 0.9018 |  Train Acc 0.9560 | ETputs(KTEPS) 57017.87
2023-04-09 15:31:16,729 - train_clenshaw.py [line:138] - INFO: Epoch 01350 | Time(s) 0.0886 | Val Loss 0.3325 | Val Acc 0.9000 |  Train Acc 0.9597 | ETputs(KTEPS) 57024.90
2023-04-09 15:31:21,160 - train_clenshaw.py [line:138] - INFO: Epoch 01400 | Time(s) 0.0886 | Val Loss 0.4156 | Val Acc 0.8862 |  Train Acc 0.9419 | ETputs(KTEPS) 57028.68
2023-04-09 15:31:25,601 - train_clenshaw.py [line:138] - INFO: Epoch 01450 | Time(s) 0.0886 | Val Loss 0.3360 | Val Acc 0.9095 |  Train Acc 0.9526 | ETputs(KTEPS) 57025.95
2023-04-09 15:31:30,043 - train_clenshaw.py [line:138] - INFO: Epoch 01500 | Time(s) 0.0886 | Val Loss 0.3442 | Val Acc 0.9044 |  Train Acc 0.9507 | ETputs(KTEPS) 57022.64
2023-04-09 15:31:34,447 - train_clenshaw.py [line:138] - INFO: Epoch 01550 | Time(s) 0.0886 | Val Loss 2.1349 | Val Acc 0.0796 |  Train Acc 0.1335 | ETputs(KTEPS) 57034.98
2023-04-09 15:31:38,816 - train_clenshaw.py [line:138] - INFO: Epoch 01600 | Time(s) 0.0886 | Val Loss 2.0145 | Val Acc 0.1622 |  Train Acc 0.1335 | ETputs(KTEPS) 57061.29
2023-04-09 15:31:43,194 - train_clenshaw.py [line:138] - INFO: Epoch 01650 | Time(s) 0.0886 | Val Loss 2.0141 | Val Acc 0.5756 |  Train Acc 0.1335 | ETputs(KTEPS) 57082.04
2023-04-09 15:31:43,558 - train_clenshaw.py [line:149] - DEBUG: Model Saved by Early Stopper is Loaded!
2023-04-09 15:31:43,580 - train_clenshaw.py [line:152] - INFO: [FINAL MODEL] Run 14 .\Val accuracy 90.91% \Val loss: 0.3
2023-04-09 15:31:43,602 - train_clenshaw.py [line:154] - INFO: [FINAL MODEL] Run 14 .	Test accuracy 91.02% \Test loss: 0.29
2023-04-09 15:31:48,234 - train_clenshaw.py [line:138] - INFO: Epoch 00050 | Time(s) 0.0885 | Val Loss 0.5708 | Val Acc 0.8356 |  Train Acc 0.8674 | ETputs(KTEPS) 57110.35
2023-04-09 15:31:52,757 - train_clenshaw.py [line:138] - INFO: Epoch 00100 | Time(s) 0.0887 | Val Loss 0.4228 | Val Acc 0.8800 |  Train Acc 0.9080 | ETputs(KTEPS) 56979.13
2023-04-09 15:31:57,216 - train_clenshaw.py [line:138] - INFO: Epoch 00150 | Time(s) 0.0888 | Val Loss 0.4031 | Val Acc 0.8760 |  Train Acc 0.9334 | ETputs(KTEPS) 56938.35
2023-04-09 15:32:01,667 - train_clenshaw.py [line:138] - INFO: Epoch 00200 | Time(s) 0.0888 | Val Loss 0.3478 | Val Acc 0.9073 |  Train Acc 0.9418 | ETputs(KTEPS) 56943.51
2023-04-09 15:32:06,148 - train_clenshaw.py [line:138] - INFO: Epoch 00250 | Time(s) 0.0888 | Val Loss 0.3202 | Val Acc 0.9124 |  Train Acc 0.9351 | ETputs(KTEPS) 56929.02
2023-04-09 15:32:10,588 - train_clenshaw.py [line:138] - INFO: Epoch 00300 | Time(s) 0.0888 | Val Loss 0.3043 | Val Acc 0.9164 |  Train Acc 0.9424 | ETputs(KTEPS) 56932.30
2023-04-09 15:32:15,044 - train_clenshaw.py [line:138] - INFO: Epoch 00350 | Time(s) 0.0888 | Val Loss 0.2958 | Val Acc 0.9153 |  Train Acc 0.9453 | ETputs(KTEPS) 56937.13
2023-04-09 15:32:19,482 - train_clenshaw.py [line:138] - INFO: Epoch 00400 | Time(s) 0.0888 | Val Loss 0.2992 | Val Acc 0.9116 |  Train Acc 0.9537 | ETputs(KTEPS) 56951.31
2023-04-09 15:32:23,918 - train_clenshaw.py [line:138] - INFO: Epoch 00450 | Time(s) 0.0887 | Val Loss 0.2915 | Val Acc 0.9142 |  Train Acc 0.9481 | ETputs(KTEPS) 56957.40
2023-04-09 15:32:28,354 - train_clenshaw.py [line:138] - INFO: Epoch 00500 | Time(s) 0.0887 | Val Loss 0.3072 | Val Acc 0.9091 |  Train Acc 0.9557 | ETputs(KTEPS) 56968.51
2023-04-09 15:32:32,818 - train_clenshaw.py [line:138] - INFO: Epoch 00550 | Time(s) 0.0887 | Val Loss 0.3004 | Val Acc 0.9109 |  Train Acc 0.9439 | ETputs(KTEPS) 56959.14
2023-04-09 15:32:37,259 - train_clenshaw.py [line:138] - INFO: Epoch 00600 | Time(s) 0.0887 | Val Loss 0.8921 | Val Acc 0.6542 |  Train Acc 0.4945 | ETputs(KTEPS) 56963.19
2023-04-09 15:32:41,680 - train_clenshaw.py [line:138] - INFO: Epoch 00650 | Time(s) 0.0887 | Val Loss 0.6059 | Val Acc 0.8415 |  Train Acc 0.8143 | ETputs(KTEPS) 56980.87
2023-04-09 15:32:46,100 - train_clenshaw.py [line:138] - INFO: Epoch 00700 | Time(s) 0.0887 | Val Loss 0.4261 | Val Acc 0.8985 |  Train Acc 0.8966 | ETputs(KTEPS) 56997.01
2023-04-09 15:32:50,517 - train_clenshaw.py [line:138] - INFO: Epoch 00750 | Time(s) 0.0887 | Val Loss 0.6376 | Val Acc 0.8185 |  Train Acc 0.7866 | ETputs(KTEPS) 57013.13
2023-04-09 15:32:54,930 - train_clenshaw.py [line:138] - INFO: Epoch 00800 | Time(s) 0.0886 | Val Loss 0.8053 | Val Acc 0.8091 |  Train Acc 0.7920 | ETputs(KTEPS) 57030.82
2023-04-09 15:32:59,352 - train_clenshaw.py [line:138] - INFO: Epoch 00850 | Time(s) 0.0886 | Val Loss 0.7587 | Val Acc 0.8182 |  Train Acc 0.7951 | ETputs(KTEPS) 57040.05
2023-04-09 15:33:03,349 - train_clenshaw.py [line:149] - DEBUG: Model Saved by Early Stopper is Loaded!
2023-04-09 15:33:03,371 - train_clenshaw.py [line:152] - INFO: [FINAL MODEL] Run 15 .\Val accuracy 91.45% \Val loss: 0.27
2023-04-09 15:33:03,392 - train_clenshaw.py [line:154] - INFO: [FINAL MODEL] Run 15 .	Test accuracy 91.72% \Test loss: 0.27
2023-04-09 15:33:08,043 - train_clenshaw.py [line:138] - INFO: Epoch 00050 | Time(s) 0.0891 | Val Loss 0.5892 | Val Acc 0.8545 |  Train Acc 0.8130 | ETputs(KTEPS) 56730.16
2023-04-09 15:33:12,550 - train_clenshaw.py [line:138] - INFO: Epoch 00100 | Time(s) 0.0889 | Val Loss 0.4876 | Val Acc 0.8469 |  Train Acc 0.9034 | ETputs(KTEPS) 56829.52
2023-04-09 15:33:17,017 - train_clenshaw.py [line:138] - INFO: Epoch 00150 | Time(s) 0.0889 | Val Loss 0.4361 | Val Acc 0.8687 |  Train Acc 0.9228 | ETputs(KTEPS) 56849.64
2023-04-09 15:33:21,494 - train_clenshaw.py [line:138] - INFO: Epoch 00200 | Time(s) 0.0889 | Val Loss 0.3780 | Val Acc 0.8978 |  Train Acc 0.9291 | ETputs(KTEPS) 56832.11
2023-04-09 15:33:25,987 - train_clenshaw.py [line:138] - INFO: Epoch 00250 | Time(s) 0.0890 | Val Loss 0.3945 | Val Acc 0.8862 |  Train Acc 0.9377 | ETputs(KTEPS) 56794.61
2023-04-09 15:33:30,437 - train_clenshaw.py [line:138] - INFO: Epoch 00300 | Time(s) 0.0890 | Val Loss 0.3719 | Val Acc 0.8945 |  Train Acc 0.9411 | ETputs(KTEPS) 56798.31
2023-04-09 15:33:34,891 - train_clenshaw.py [line:138] - INFO: Epoch 00350 | Time(s) 0.0890 | Val Loss 0.3361 | Val Acc 0.9051 |  Train Acc 0.9416 | ETputs(KTEPS) 56794.50
2023-04-09 15:33:39,341 - train_clenshaw.py [line:138] - INFO: Epoch 00400 | Time(s) 0.0890 | Val Loss 0.3827 | Val Acc 0.8924 |  Train Acc 0.9445 | ETputs(KTEPS) 56806.35
2023-04-09 15:33:43,801 - train_clenshaw.py [line:138] - INFO: Epoch 00450 | Time(s) 0.0890 | Val Loss 0.3442 | Val Acc 0.8982 |  Train Acc 0.9393 | ETputs(KTEPS) 56810.44
2023-04-09 15:33:48,256 - train_clenshaw.py [line:138] - INFO: Epoch 00500 | Time(s) 0.0890 | Val Loss 0.3547 | Val Acc 0.9036 |  Train Acc 0.9473 | ETputs(KTEPS) 56820.02
2023-04-09 15:33:52,696 - train_clenshaw.py [line:138] - INFO: Epoch 00550 | Time(s) 0.0889 | Val Loss 0.3513 | Val Acc 0.8956 |  Train Acc 0.9515 | ETputs(KTEPS) 56832.04
2023-04-09 15:33:57,145 - train_clenshaw.py [line:138] - INFO: Epoch 00600 | Time(s) 0.0889 | Val Loss 0.3298 | Val Acc 0.9065 |  Train Acc 0.9526 | ETputs(KTEPS) 56831.90
2023-04-09 15:34:01,614 - train_clenshaw.py [line:138] - INFO: Epoch 00650 | Time(s) 0.0890 | Val Loss 0.3225 | Val Acc 0.9062 |  Train Acc 0.9515 | ETputs(KTEPS) 56824.55
2023-04-09 15:34:06,062 - train_clenshaw.py [line:138] - INFO: Epoch 00700 | Time(s) 0.0890 | Val Loss 0.3036 | Val Acc 0.9033 |  Train Acc 0.9463 | ETputs(KTEPS) 56826.20
2023-04-09 15:34:10,499 - train_clenshaw.py [line:138] - INFO: Epoch 00750 | Time(s) 0.0889 | Val Loss 0.3369 | Val Acc 0.8942 |  Train Acc 0.9526 | ETputs(KTEPS) 56837.76
2023-04-09 15:34:14,945 - train_clenshaw.py [line:138] - INFO: Epoch 00800 | Time(s) 0.0889 | Val Loss 0.3329 | Val Acc 0.8993 |  Train Acc 0.9515 | ETputs(KTEPS) 56849.23
2023-04-09 15:34:19,404 - train_clenshaw.py [line:138] - INFO: Epoch 00850 | Time(s) 0.0889 | Val Loss 0.3041 | Val Acc 0.9105 |  Train Acc 0.9518 | ETputs(KTEPS) 56844.93
2023-04-09 15:34:23,848 - train_clenshaw.py [line:138] - INFO: Epoch 00900 | Time(s) 0.0889 | Val Loss 0.3159 | Val Acc 0.9084 |  Train Acc 0.9588 | ETputs(KTEPS) 56856.72
2023-04-09 15:34:28,283 - train_clenshaw.py [line:138] - INFO: Epoch 00950 | Time(s) 0.0889 | Val Loss 0.2980 | Val Acc 0.9102 |  Train Acc 0.9487 | ETputs(KTEPS) 56864.99
2023-04-09 15:34:32,743 - train_clenshaw.py [line:138] - INFO: Epoch 01000 | Time(s) 0.0889 | Val Loss 0.3003 | Val Acc 0.9018 |  Train Acc 0.9544 | ETputs(KTEPS) 56868.43
2023-04-09 15:34:37,183 - train_clenshaw.py [line:138] - INFO: Epoch 01050 | Time(s) 0.0889 | Val Loss 0.2837 | Val Acc 0.9080 |  Train Acc 0.9401 | ETputs(KTEPS) 56872.11
2023-04-09 15:34:41,623 - train_clenshaw.py [line:138] - INFO: Epoch 01100 | Time(s) 0.0889 | Val Loss 0.2918 | Val Acc 0.9073 |  Train Acc 0.9563 | ETputs(KTEPS) 56876.01
2023-04-09 15:34:46,061 - train_clenshaw.py [line:138] - INFO: Epoch 01150 | Time(s) 0.0889 | Val Loss 0.3041 | Val Acc 0.9029 |  Train Acc 0.9444 | ETputs(KTEPS) 56880.45
2023-04-09 15:34:50,509 - train_clenshaw.py [line:138] - INFO: Epoch 01200 | Time(s) 0.0889 | Val Loss 0.3079 | Val Acc 0.9029 |  Train Acc 0.9490 | ETputs(KTEPS) 56882.80
2023-04-09 15:34:54,950 - train_clenshaw.py [line:138] - INFO: Epoch 01250 | Time(s) 0.0889 | Val Loss 0.3000 | Val Acc 0.9029 |  Train Acc 0.9536 | ETputs(KTEPS) 56884.94
2023-04-09 15:34:59,383 - train_clenshaw.py [line:138] - INFO: Epoch 01300 | Time(s) 0.0888 | Val Loss 0.2883 | Val Acc 0.9102 |  Train Acc 0.9283 | ETputs(KTEPS) 56894.03
2023-04-09 15:35:03,821 - train_clenshaw.py [line:138] - INFO: Epoch 01350 | Time(s) 0.0888 | Val Loss 0.2802 | Val Acc 0.9109 |  Train Acc 0.9541 | ETputs(KTEPS) 56896.87
2023-04-09 15:35:08,226 - train_clenshaw.py [line:138] - INFO: Epoch 01400 | Time(s) 0.0888 | Val Loss 2.0370 | Val Acc 0.1713 |  Train Acc 0.1335 | ETputs(KTEPS) 56914.62
2023-04-09 15:35:12,530 - train_clenshaw.py [line:138] - INFO: Epoch 01450 | Time(s) 0.0887 | Val Loss 2.0195 | Val Acc 0.0800 |  Train Acc 0.1335 | ETputs(KTEPS) 56975.99
2023-04-09 15:35:20,144 - train_clenshaw.py [line:138] - INFO: Epoch 01500 | Time(s) 0.0908 | Val Loss 2.0137 | Val Acc 0.5811 |  Train Acc 0.1335 | ETputs(KTEPS) 55647.85
2023-04-09 15:35:31,936 - train_clenshaw.py [line:138] - INFO: Epoch 01550 | Time(s) 0.0955 | Val Loss 2.0143 | Val Acc 0.0800 |  Train Acc 0.1335 | ETputs(KTEPS) 52923.04
2023-04-09 15:35:41,028 - train_clenshaw.py [line:149] - DEBUG: Model Saved by Early Stopper is Loaded!
2023-04-09 15:35:41,095 - train_clenshaw.py [line:152] - INFO: [FINAL MODEL] Run 16 .\Val accuracy 91.85% \Val loss: 0.26
2023-04-09 15:35:41,166 - train_clenshaw.py [line:154] - INFO: [FINAL MODEL] Run 16 .	Test accuracy 92.20% \Test loss: 0.26
2023-04-09 15:35:53,373 - train_clenshaw.py [line:138] - INFO: Epoch 00050 | Time(s) 0.2403 | Val Loss 0.6101 | Val Acc 0.8204 |  Train Acc 0.8952 | ETputs(KTEPS) 21034.15
2023-04-09 15:36:05,341 - train_clenshaw.py [line:138] - INFO: Epoch 00100 | Time(s) 0.2394 | Val Loss 0.4220 | Val Acc 0.8989 |  Train Acc 0.9169 | ETputs(KTEPS) 21110.38
2023-04-09 15:36:17,270 - train_clenshaw.py [line:138] - INFO: Epoch 00150 | Time(s) 0.2391 | Val Loss 0.4285 | Val Acc 0.8782 |  Train Acc 0.9361 | ETputs(KTEPS) 21143.47
2023-04-09 15:36:29,201 - train_clenshaw.py [line:138] - INFO: Epoch 00200 | Time(s) 0.2389 | Val Loss 0.4058 | Val Acc 0.8782 |  Train Acc 0.9423 | ETputs(KTEPS) 21156.88
2023-04-09 15:36:41,139 - train_clenshaw.py [line:138] - INFO: Epoch 00250 | Time(s) 0.2389 | Val Loss 0.3775 | Val Acc 0.8967 |  Train Acc 0.9461 | ETputs(KTEPS) 21161.06
2023-04-09 15:36:53,080 - train_clenshaw.py [line:138] - INFO: Epoch 00300 | Time(s) 0.2388 | Val Loss 0.4042 | Val Acc 0.8818 |  Train Acc 0.9521 | ETputs(KTEPS) 21163.07
2023-04-09 15:37:04,951 - train_clenshaw.py [line:138] - INFO: Epoch 00350 | Time(s) 0.2386 | Val Loss 0.4010 | Val Acc 0.8847 |  Train Acc 0.9557 | ETputs(KTEPS) 21182.28
2023-04-09 15:37:16,815 - train_clenshaw.py [line:138] - INFO: Epoch 00400 | Time(s) 0.2385 | Val Loss 0.3702 | Val Acc 0.8949 |  Train Acc 0.9597 | ETputs(KTEPS) 21198.12
2023-04-09 15:37:28,709 - train_clenshaw.py [line:138] - INFO: Epoch 00450 | Time(s) 0.2384 | Val Loss 0.4110 | Val Acc 0.8720 |  Train Acc 0.9589 | ETputs(KTEPS) 21204.09
2023-04-09 15:37:40,616 - train_clenshaw.py [line:138] - INFO: Epoch 00500 | Time(s) 0.2384 | Val Loss 0.4055 | Val Acc 0.8655 |  Train Acc 0.9545 | ETputs(KTEPS) 21206.50
2023-04-09 15:37:52,482 - train_clenshaw.py [line:138] - INFO: Epoch 00550 | Time(s) 0.2383 | Val Loss 0.3777 | Val Acc 0.8789 |  Train Acc 0.9615 | ETputs(KTEPS) 21214.99
2023-04-09 15:38:04,418 - train_clenshaw.py [line:138] - INFO: Epoch 00600 | Time(s) 0.2383 | Val Loss 0.3797 | Val Acc 0.8876 |  Train Acc 0.9618 | ETputs(KTEPS) 21212.33
2023-04-09 15:38:16,294 - train_clenshaw.py [line:138] - INFO: Epoch 00650 | Time(s) 0.2382 | Val Loss 0.3889 | Val Acc 0.8800 |  Train Acc 0.9662 | ETputs(KTEPS) 21217.81
2023-04-09 15:38:28,167 - train_clenshaw.py [line:138] - INFO: Epoch 00700 | Time(s) 0.2382 | Val Loss 0.3659 | Val Acc 0.8873 |  Train Acc 0.9680 | ETputs(KTEPS) 21222.81
2023-04-09 15:38:40,031 - train_clenshaw.py [line:138] - INFO: Epoch 00750 | Time(s) 0.2381 | Val Loss 0.3599 | Val Acc 0.8938 |  Train Acc 0.9696 | ETputs(KTEPS) 21228.24
2023-04-09 15:38:51,933 - train_clenshaw.py [line:138] - INFO: Epoch 00800 | Time(s) 0.2381 | Val Loss 0.3618 | Val Acc 0.8909 |  Train Acc 0.9714 | ETputs(KTEPS) 21228.86
2023-04-09 15:39:03,805 - train_clenshaw.py [line:138] - INFO: Epoch 00850 | Time(s) 0.2381 | Val Loss 0.3822 | Val Acc 0.8825 |  Train Acc 0.9714 | ETputs(KTEPS) 21232.81
2023-04-09 15:39:15,670 - train_clenshaw.py [line:138] - INFO: Epoch 00900 | Time(s) 0.2380 | Val Loss 0.3469 | Val Acc 0.8960 |  Train Acc 0.9681 | ETputs(KTEPS) 21236.72
2023-04-09 15:39:27,490 - train_clenshaw.py [line:138] - INFO: Epoch 00950 | Time(s) 0.2379 | Val Loss 0.3452 | Val Acc 0.8938 |  Train Acc 0.9733 | ETputs(KTEPS) 21244.39
2023-04-09 15:39:39,372 - train_clenshaw.py [line:138] - INFO: Epoch 01000 | Time(s) 0.2379 | Val Loss 0.3677 | Val Acc 0.8880 |  Train Acc 0.9735 | ETputs(KTEPS) 21245.84
2023-04-09 15:39:51,299 - train_clenshaw.py [line:138] - INFO: Epoch 01050 | Time(s) 0.2379 | Val Loss 0.3939 | Val Acc 0.8804 |  Train Acc 0.9748 | ETputs(KTEPS) 21243.28
2023-04-09 15:40:03,197 - train_clenshaw.py [line:138] - INFO: Epoch 01100 | Time(s) 0.2379 | Val Loss 0.3767 | Val Acc 0.8862 |  Train Acc 0.9717 | ETputs(KTEPS) 21243.89
2023-04-09 15:40:15,071 - train_clenshaw.py [line:138] - INFO: Epoch 01150 | Time(s) 0.2379 | Val Loss 0.3637 | Val Acc 0.8909 |  Train Acc 0.9707 | ETputs(KTEPS) 21245.76
2023-04-09 15:40:26,947 - train_clenshaw.py [line:138] - INFO: Epoch 01200 | Time(s) 0.2379 | Val Loss 0.3732 | Val Acc 0.8847 |  Train Acc 0.9735 | ETputs(KTEPS) 21247.31
2023-04-09 15:40:38,803 - train_clenshaw.py [line:138] - INFO: Epoch 01250 | Time(s) 0.2379 | Val Loss 0.3456 | Val Acc 0.8905 |  Train Acc 0.9730 | ETputs(KTEPS) 21250.21
2023-04-09 15:40:50,646 - train_clenshaw.py [line:138] - INFO: Epoch 01300 | Time(s) 0.2378 | Val Loss 2.3575 | Val Acc 0.1673 |  Train Acc 0.1335 | ETputs(KTEPS) 21253.77
2023-04-09 15:41:02,585 - train_clenshaw.py [line:138] - INFO: Epoch 01350 | Time(s) 0.2379 | Val Loss 2.0171 | Val Acc 0.5822 |  Train Acc 0.1335 | ETputs(KTEPS) 21250.71
2023-04-09 15:41:10,023 - train_clenshaw.py [line:149] - DEBUG: Model Saved by Early Stopper is Loaded!
2023-04-09 15:41:10,087 - train_clenshaw.py [line:152] - INFO: [FINAL MODEL] Run 17 .\Val accuracy 90.55% \Val loss: 0.32
2023-04-09 15:41:10,152 - train_clenshaw.py [line:154] - INFO: [FINAL MODEL] Run 17 .	Test accuracy 91.02% \Test loss: 0.31
2023-04-09 15:41:22,316 - train_clenshaw.py [line:138] - INFO: Epoch 00050 | Time(s) 0.2388 | Val Loss 0.5884 | Val Acc 0.8404 |  Train Acc 0.8526 | ETputs(KTEPS) 21170.91
2023-04-09 15:41:34,222 - train_clenshaw.py [line:138] - INFO: Epoch 00100 | Time(s) 0.2383 | Val Loss 0.5198 | Val Acc 0.8695 |  Train Acc 0.8981 | ETputs(KTEPS) 21208.15
2023-04-09 15:41:46,137 - train_clenshaw.py [line:138] - INFO: Epoch 00150 | Time(s) 0.2383 | Val Loss 0.5345 | Val Acc 0.8680 |  Train Acc 0.9025 | ETputs(KTEPS) 21213.75
2023-04-09 15:41:58,026 - train_clenshaw.py [line:138] - INFO: Epoch 00200 | Time(s) 0.2381 | Val Loss 0.5277 | Val Acc 0.8913 |  Train Acc 0.9110 | ETputs(KTEPS) 21226.86
2023-04-09 15:42:09,911 - train_clenshaw.py [line:138] - INFO: Epoch 00250 | Time(s) 0.2380 | Val Loss 0.4305 | Val Acc 0.9025 |  Train Acc 0.9122 | ETputs(KTEPS) 21234.75
2023-04-09 15:42:21,793 - train_clenshaw.py [line:138] - INFO: Epoch 00300 | Time(s) 0.2380 | Val Loss 0.4880 | Val Acc 0.8927 |  Train Acc 0.9291 | ETputs(KTEPS) 21241.31
2023-04-09 15:42:33,694 - train_clenshaw.py [line:138] - INFO: Epoch 00350 | Time(s) 0.2380 | Val Loss 0.5660 | Val Acc 0.8687 |  Train Acc 0.9227 | ETputs(KTEPS) 21240.88
2023-04-09 15:42:45,599 - train_clenshaw.py [line:138] - INFO: Epoch 00400 | Time(s) 0.2380 | Val Loss 0.5435 | Val Acc 0.8862 |  Train Acc 0.9338 | ETputs(KTEPS) 21241.18
2023-04-09 15:42:57,528 - train_clenshaw.py [line:138] - INFO: Epoch 00450 | Time(s) 0.2380 | Val Loss 0.4434 | Val Acc 0.9025 |  Train Acc 0.9353 | ETputs(KTEPS) 21235.84
2023-04-09 15:43:09,382 - train_clenshaw.py [line:138] - INFO: Epoch 00500 | Time(s) 0.2379 | Val Loss 0.4514 | Val Acc 0.8975 |  Train Acc 0.9395 | ETputs(KTEPS) 21244.62
2023-04-09 15:43:21,296 - train_clenshaw.py [line:138] - INFO: Epoch 00550 | Time(s) 0.2380 | Val Loss 0.4813 | Val Acc 0.9004 |  Train Acc 0.9419 | ETputs(KTEPS) 21241.98
2023-04-09 15:43:33,238 - train_clenshaw.py [line:138] - INFO: Epoch 00600 | Time(s) 0.2380 | Val Loss 0.5019 | Val Acc 0.8895 |  Train Acc 0.9458 | ETputs(KTEPS) 21235.58
2023-04-09 15:43:45,122 - train_clenshaw.py [line:138] - INFO: Epoch 00650 | Time(s) 0.2380 | Val Loss 0.4036 | Val Acc 0.9095 |  Train Acc 0.9466 | ETputs(KTEPS) 21238.98
2023-04-09 15:43:57,008 - train_clenshaw.py [line:138] - INFO: Epoch 00700 | Time(s) 0.2380 | Val Loss 0.4546 | Val Acc 0.8985 |  Train Acc 0.9529 | ETputs(KTEPS) 21240.97
2023-04-09 15:44:08,900 - train_clenshaw.py [line:138] - INFO: Epoch 00750 | Time(s) 0.2380 | Val Loss 0.4308 | Val Acc 0.8924 |  Train Acc 0.9526 | ETputs(KTEPS) 21241.81
2023-04-09 15:44:20,864 - train_clenshaw.py [line:138] - INFO: Epoch 00800 | Time(s) 0.2380 | Val Loss 0.4190 | Val Acc 0.8960 |  Train Acc 0.9554 | ETputs(KTEPS) 21235.34
2023-04-09 15:44:32,780 - train_clenshaw.py [line:138] - INFO: Epoch 00850 | Time(s) 0.2380 | Val Loss 0.6198 | Val Acc 0.8553 |  Train Acc 0.8421 | ETputs(KTEPS) 21234.03
2023-04-09 15:44:44,626 - train_clenshaw.py [line:138] - INFO: Epoch 00900 | Time(s) 0.2380 | Val Loss 2.1050 | Val Acc 0.1738 |  Train Acc 0.1559 | ETputs(KTEPS) 21239.72
2023-04-09 15:44:56,506 - train_clenshaw.py [line:138] - INFO: Epoch 00950 | Time(s) 0.2380 | Val Loss 1.7794 | Val Acc 0.4713 |  Train Acc 0.3649 | ETputs(KTEPS) 21241.63
2023-04-09 15:45:08,380 - train_clenshaw.py [line:138] - INFO: Epoch 01000 | Time(s) 0.2379 | Val Loss 1.1937 | Val Acc 0.6040 |  Train Acc 0.2900 | ETputs(KTEPS) 21243.93
2023-04-09 15:45:20,260 - train_clenshaw.py [line:138] - INFO: Epoch 01050 | Time(s) 0.2379 | Val Loss 1.2387 | Val Acc 0.6309 |  Train Acc 0.3580 | ETputs(KTEPS) 21245.43
2023-04-09 15:45:27,244 - train_clenshaw.py [line:149] - DEBUG: Model Saved by Early Stopper is Loaded!
2023-04-09 15:45:27,307 - train_clenshaw.py [line:152] - INFO: [FINAL MODEL] Run 18 .\Val accuracy 90.15% \Val loss: 0.34
2023-04-09 15:45:27,373 - train_clenshaw.py [line:154] - INFO: [FINAL MODEL] Run 18 .	Test accuracy 89.59% \Test loss: 0.35
2023-04-09 15:45:39,452 - train_clenshaw.py [line:138] - INFO: Epoch 00050 | Time(s) 0.2372 | Val Loss 0.5405 | Val Acc 0.8578 |  Train Acc 0.8837 | ETputs(KTEPS) 21307.73
2023-04-09 15:45:51,392 - train_clenshaw.py [line:138] - INFO: Epoch 00100 | Time(s) 0.2378 | Val Loss 0.5011 | Val Acc 0.8662 |  Train Acc 0.9107 | ETputs(KTEPS) 21251.93
2023-04-09 15:46:03,284 - train_clenshaw.py [line:138] - INFO: Epoch 00150 | Time(s) 0.2378 | Val Loss 0.4484 | Val Acc 0.8891 |  Train Acc 0.9167 | ETputs(KTEPS) 21257.96
2023-04-09 15:46:15,224 - train_clenshaw.py [line:138] - INFO: Epoch 00200 | Time(s) 0.2380 | Val Loss 0.4170 | Val Acc 0.8967 |  Train Acc 0.9301 | ETputs(KTEPS) 21238.46
2023-04-09 15:46:27,137 - train_clenshaw.py [line:138] - INFO: Epoch 00250 | Time(s) 0.2380 | Val Loss 0.4093 | Val Acc 0.9033 |  Train Acc 0.9397 | ETputs(KTEPS) 21235.39
2023-04-09 15:46:39,045 - train_clenshaw.py [line:138] - INFO: Epoch 00300 | Time(s) 0.2380 | Val Loss 0.3578 | Val Acc 0.9044 |  Train Acc 0.9395 | ETputs(KTEPS) 21236.66
2023-04-09 15:46:50,956 - train_clenshaw.py [line:138] - INFO: Epoch 00350 | Time(s) 0.2380 | Val Loss 0.3156 | Val Acc 0.9164 |  Train Acc 0.9301 | ETputs(KTEPS) 21234.56
2023-04-09 15:47:02,822 - train_clenshaw.py [line:138] - INFO: Epoch 00400 | Time(s) 0.2379 | Val Loss 0.3382 | Val Acc 0.9062 |  Train Acc 0.9403 | ETputs(KTEPS) 21244.18
2023-04-09 15:47:14,689 - train_clenshaw.py [line:138] - INFO: Epoch 00450 | Time(s) 0.2379 | Val Loss 0.3544 | Val Acc 0.9073 |  Train Acc 0.9502 | ETputs(KTEPS) 21251.00
2023-04-09 15:47:26,613 - train_clenshaw.py [line:138] - INFO: Epoch 00500 | Time(s) 0.2379 | Val Loss 0.3013 | Val Acc 0.9222 |  Train Acc 0.9490 | ETputs(KTEPS) 21246.23
2023-04-09 15:47:38,501 - train_clenshaw.py [line:138] - INFO: Epoch 00550 | Time(s) 0.2379 | Val Loss 0.3280 | Val Acc 0.9105 |  Train Acc 0.9554 | ETputs(KTEPS) 21247.59
2023-04-09 15:47:50,344 - train_clenshaw.py [line:138] - INFO: Epoch 00600 | Time(s) 0.2378 | Val Loss 0.2933 | Val Acc 0.9185 |  Train Acc 0.9495 | ETputs(KTEPS) 21257.00
2023-04-09 15:48:02,239 - train_clenshaw.py [line:138] - INFO: Epoch 00650 | Time(s) 0.2378 | Val Loss 0.2992 | Val Acc 0.9175 |  Train Acc 0.9563 | ETputs(KTEPS) 21256.32
2023-04-09 15:48:14,139 - train_clenshaw.py [line:138] - INFO: Epoch 00700 | Time(s) 0.2378 | Val Loss 0.2967 | Val Acc 0.9167 |  Train Acc 0.9586 | ETputs(KTEPS) 21255.63
2023-04-09 15:48:26,080 - train_clenshaw.py [line:138] - INFO: Epoch 00750 | Time(s) 0.2379 | Val Loss 1.0849 | Val Acc 0.6291 |  Train Acc 0.4971 | ETputs(KTEPS) 21249.78
2023-04-09 15:48:37,943 - train_clenshaw.py [line:138] - INFO: Epoch 00800 | Time(s) 0.2378 | Val Loss 0.4454 | Val Acc 0.8560 |  Train Acc 0.8737 | ETputs(KTEPS) 21253.36
2023-04-09 15:48:49,899 - train_clenshaw.py [line:138] - INFO: Epoch 00850 | Time(s) 0.2379 | Val Loss 0.3759 | Val Acc 0.8615 |  Train Acc 0.8900 | ETputs(KTEPS) 21246.70
2023-04-09 15:49:01,846 - train_clenshaw.py [line:138] - INFO: Epoch 00900 | Time(s) 0.2380 | Val Loss 0.3593 | Val Acc 0.8789 |  Train Acc 0.9104 | ETputs(KTEPS) 21241.73
2023-04-09 15:49:13,780 - train_clenshaw.py [line:138] - INFO: Epoch 00950 | Time(s) 0.2380 | Val Loss 0.3508 | Val Acc 0.8800 |  Train Acc 0.9193 | ETputs(KTEPS) 21238.45
2023-04-09 15:49:24,779 - train_clenshaw.py [line:149] - DEBUG: Model Saved by Early Stopper is Loaded!
2023-04-09 15:49:24,837 - train_clenshaw.py [line:152] - INFO: [FINAL MODEL] Run 19 .\Val accuracy 92.55% \Val loss: 0.27
2023-04-09 15:49:24,904 - train_clenshaw.py [line:154] - INFO: [FINAL MODEL] Run 19 .	Test accuracy 91.78% \Test loss: 0.3
2023-04-09 15:49:25,287 - train_clenshaw.py [line:186] - INFO: For Cross Validation: 0.9126, STDV: 0.0061, Uncertainty 0.0029
2023-04-09 15:49:25,287 - train_clenshaw.py [line:188] - INFO: [0.9132780082987552, 0.9033195020746888, 0.9192946058091286, 0.9188796680497925, 0.9128630705394191, 0.9174273858921161, 0.9136929460580913, 0.9176348547717842, 0.912655601659751, 0.9112033195020747, 0.9087136929460581, 0.9064315352697095, 0.9163900414937759, 0.9074688796680498, 0.9101659751037344, 0.9172199170124481, 0.9219917012448133, 0.9101659751037344, 0.895850622406639, 0.9178423236514522]
